status file for recon-all
Sun Jan 14 00:43:53 UTC 2018
#@# MotionCor Sun Jan 14 00:44:56 UTC 2018
#@# Talairach Sun Jan 14 00:45:10 UTC 2018
#@# Talairach Failure Detection Sun Jan 14 00:56:02 UTC 2018
#@# Nu Intensity Correction Sun Jan 14 00:56:02 UTC 2018
#@# Intensity Normalization Sun Jan 14 01:11:46 UTC 2018
#@# Skull Stripping Sun Jan 14 01:16:25 UTC 2018
#@# EM Registration Sun Jan 14 01:53:04 UTC 2018
#@# CA Normalize Sun Jan 14 02:31:32 UTC 2018
#@# CA Reg Sun Jan 14 02:35:05 UTC 2018
#@# SubCort Seg Sun Jan 14 08:13:34 UTC 2018
#@# Merge ASeg Sun Jan 14 10:00:54 UTC 2018
#@# Intensity Normalization2 Sun Jan 14 10:00:54 UTC 2018
#@# Mask BFS Sun Jan 14 10:07:14 UTC 2018
#@# WM Segmentation Sun Jan 14 10:07:16 UTC 2018
#@# Fill Sun Jan 14 10:10:33 UTC 2018
#@# Tessellate lh Sun Jan 14 10:11:52 UTC 2018
#@# Tessellate rh Sun Jan 14 10:12:02 UTC 2018
#@# Smooth1 lh Sun Jan 14 10:12:11 UTC 2018
#@# Smooth1 rh Sun Jan 14 10:12:19 UTC 2018
#@# Inflation1 lh Sun Jan 14 10:12:27 UTC 2018
#@# Inflation1 rh Sun Jan 14 10:13:20 UTC 2018
#@# QSphere lh Sun Jan 14 10:14:16 UTC 2018
#@# QSphere rh Sun Jan 14 10:19:51 UTC 2018
#@# Fix Topology Copy lh Sun Jan 14 10:26:02 UTC 2018
#@# Fix Topology Copy rh Sun Jan 14 10:26:02 UTC 2018
#@# Fix Topology lh Sun Jan 14 10:26:02 UTC 2018
#@# Fix Topology rh Sun Jan 14 11:18:55 UTC 2018
#@# Make White Surf lh Sun Jan 14 12:07:28 UTC 2018
#@# Make White Surf rh Sun Jan 14 12:16:09 UTC 2018
#@# Smooth2 lh Sun Jan 14 12:24:32 UTC 2018
#@# Smooth2 rh Sun Jan 14 12:24:40 UTC 2018
#@# Inflation2 lh Sun Jan 14 12:24:48 UTC 2018
#@# Inflation2 rh Sun Jan 14 12:25:42 UTC 2018
#@# Curv .H and .K lh Sun Jan 14 12:26:39 UTC 2018
#@# Curv .H and .K rh Sun Jan 14 12:28:50 UTC 2018
#@# Curvature Stats lh Sun Jan 14 12:31:00 UTC 2018
#@# Curvature Stats rh Sun Jan 14 12:31:05 UTC 2018
#@# Sphere lh Sun Jan 14 12:31:11 UTC 2018
#@# Sphere rh Sun Jan 14 13:41:55 UTC 2018
#@# Surf Reg lh Sun Jan 14 14:55:53 UTC 2018
#@# Surf Reg rh Sun Jan 14 16:18:58 UTC 2018
#@# Jacobian white lh Sun Jan 14 18:09:00 UTC 2018
#@# Jacobian white rh Sun Jan 14 18:09:03 UTC 2018
#@# AvgCurv lh Sun Jan 14 18:09:06 UTC 2018
#@# AvgCurv rh Sun Jan 14 18:09:08 UTC 2018
#@# Cortical Parc lh Sun Jan 14 18:09:11 UTC 2018
#@# Cortical Parc rh Sun Jan 14 18:09:37 UTC 2018
#@# Make Pial Surf lh Sun Jan 14 18:10:02 UTC 2018
#@# Make Pial Surf rh Sun Jan 14 18:34:07 UTC 2018
#@# Surf Volume lh Sun Jan 14 18:57:53 UTC 2018
#@# Surf Volume rh Sun Jan 14 18:57:59 UTC 2018
#@# Cortical ribbon mask Sun Jan 14 18:58:05 UTC 2018
#@# Parcellation Stats lh Sun Jan 14 19:28:01 UTC 2018
#@# Parcellation Stats rh Sun Jan 14 19:30:19 UTC 2018
#@# Cortical Parc 2 lh Sun Jan 14 19:32:40 UTC 2018
#@# Cortical Parc 2 rh Sun Jan 14 19:33:11 UTC 2018
#@# Parcellation Stats 2 lh Sun Jan 14 19:33:43 UTC 2018
#@# Parcellation Stats 2 rh Sun Jan 14 19:34:51 UTC 2018
#@# Cortical Parc 3 lh Sun Jan 14 19:35:59 UTC 2018
#@# Cortical Parc 3 rh Sun Jan 14 19:36:23 UTC 2018
#@# Parcellation Stats 3 lh Sun Jan 14 19:36:47 UTC 2018
#@# Parcellation Stats 3 rh Sun Jan 14 19:37:56 UTC 2018
#@# WM/GM Contrast lh Sun Jan 14 19:39:06 UTC 2018
#@# WM/GM Contrast rh Sun Jan 14 19:39:18 UTC 2018
#@# Relabel Hypointensities Sun Jan 14 19:39:27 UTC 2018
#@# AParc-to-ASeg aparc Sun Jan 14 19:40:04 UTC 2018
#@# AParc-to-ASeg a2009s Sun Jan 14 19:49:10 UTC 2018
#@# AParc-to-ASeg DKTatlas Sun Jan 14 19:57:44 UTC 2018
#@# APas-to-ASeg Sun Jan 14 20:06:29 UTC 2018
#@# ASeg Stats Sun Jan 14 20:06:41 UTC 2018
#@# WMParc Sun Jan 14 20:12:58 UTC 2018
#@# BA_exvivo Labels lh Sun Jan 14 20:32:39 UTC 2018
#@# BA_exvivo Labels rh Sun Jan 14 20:41:45 UTC 2018
recon-all -s 3757 finished without error at Sun Jan 14 20:50:28 UTC 2018
