status file for recon-all
Sun Dec 31 07:09:01 UTC 2017
#@# MotionCor Sun Dec 31 07:10:33 UTC 2017
#@# Talairach Sun Dec 31 07:10:47 UTC 2017
#@# Talairach Failure Detection Sun Dec 31 07:23:49 UTC 2017
#@# Nu Intensity Correction Sun Dec 31 07:24:02 UTC 2017
#@# Intensity Normalization Sun Dec 31 07:40:34 UTC 2017
#@# Skull Stripping Sun Dec 31 07:44:30 UTC 2017
#@# EM Registration Sun Dec 31 08:34:05 UTC 2017
#@# CA Normalize Sun Dec 31 09:09:16 UTC 2017
#@# CA Reg Sun Dec 31 09:13:27 UTC 2017
#@# SubCort Seg Sun Dec 31 14:08:20 UTC 2017
#@# Merge ASeg Sun Dec 31 16:21:02 UTC 2017
#@# Intensity Normalization2 Sun Dec 31 16:21:02 UTC 2017
#@# Mask BFS Sun Dec 31 16:27:16 UTC 2017
#@# WM Segmentation Sun Dec 31 16:27:19 UTC 2017
#@# Fill Sun Dec 31 16:31:15 UTC 2017
#@# Tessellate lh Sun Dec 31 16:32:35 UTC 2017
#@# Tessellate rh Sun Dec 31 16:32:46 UTC 2017
#@# Smooth1 lh Sun Dec 31 16:32:57 UTC 2017
#@# Smooth1 rh Sun Dec 31 16:33:07 UTC 2017
#@# Inflation1 lh Sun Dec 31 16:33:17 UTC 2017
#@# Inflation1 rh Sun Dec 31 16:34:26 UTC 2017
#@# QSphere lh Sun Dec 31 16:35:31 UTC 2017
#@# QSphere rh Sun Dec 31 16:42:05 UTC 2017
#@# Fix Topology Copy lh Sun Dec 31 16:49:13 UTC 2017
#@# Fix Topology Copy rh Sun Dec 31 16:49:13 UTC 2017
#@# Fix Topology lh Sun Dec 31 16:49:13 UTC 2017
#@# Fix Topology rh Mon Jan  1 23:06:57 UTC 2018
#@# Make White Surf lh Tue Jan  2 01:27:37 UTC 2018
#@# Make White Surf rh Tue Jan  2 01:39:52 UTC 2018
#@# Smooth2 lh Tue Jan  2 01:52:09 UTC 2018
#@# Smooth2 rh Tue Jan  2 01:52:21 UTC 2018
#@# Inflation2 lh Tue Jan  2 01:52:35 UTC 2018
#@# Inflation2 rh Tue Jan  2 01:53:59 UTC 2018
#@# Curv .H and .K lh Tue Jan  2 01:55:27 UTC 2018
#@# Curv .H and .K rh Tue Jan  2 01:58:41 UTC 2018
#@# Curvature Stats lh Tue Jan  2 02:02:11 UTC 2018
#@# Curvature Stats rh Tue Jan  2 02:02:21 UTC 2018
#@# Sphere lh Tue Jan  2 02:02:31 UTC 2018
#@# Sphere rh Tue Jan  2 05:24:21 UTC 2018
#@# Surf Reg lh Tue Jan  2 07:19:36 UTC 2018
#@# Surf Reg rh Tue Jan  2 09:23:54 UTC 2018
#@# Jacobian white lh Tue Jan  2 11:48:46 UTC 2018
#@# Jacobian white rh Tue Jan  2 11:48:50 UTC 2018
#@# AvgCurv lh Tue Jan  2 11:48:54 UTC 2018
#@# AvgCurv rh Tue Jan  2 11:48:58 UTC 2018
#@# Cortical Parc lh Tue Jan  2 11:49:02 UTC 2018
#@# Cortical Parc rh Tue Jan  2 11:49:38 UTC 2018
#@# Make Pial Surf lh Tue Jan  2 11:50:12 UTC 2018
#@# Make Pial Surf rh Tue Jan  2 12:24:43 UTC 2018
#@# Surf Volume lh Tue Jan  2 12:59:26 UTC 2018
#@# Surf Volume rh Tue Jan  2 12:59:34 UTC 2018
#@# Cortical ribbon mask Tue Jan  2 12:59:42 UTC 2018
#@# Parcellation Stats lh Tue Jan  2 13:40:08 UTC 2018
#@# Parcellation Stats rh Tue Jan  2 13:43:23 UTC 2018
#@# Cortical Parc 2 lh Tue Jan  2 13:46:39 UTC 2018
#@# Cortical Parc 2 rh Tue Jan  2 13:47:22 UTC 2018
#@# Parcellation Stats 2 lh Tue Jan  2 13:48:07 UTC 2018
#@# Parcellation Stats 2 rh Tue Jan  2 13:49:39 UTC 2018
#@# Cortical Parc 3 lh Tue Jan  2 13:51:18 UTC 2018
#@# Cortical Parc 3 rh Tue Jan  2 13:51:53 UTC 2018
#@# Parcellation Stats 3 lh Tue Jan  2 13:52:31 UTC 2018
#@# Parcellation Stats 3 rh Tue Jan  2 13:54:04 UTC 2018
#@# WM/GM Contrast lh Tue Jan  2 13:55:45 UTC 2018
#@# WM/GM Contrast rh Tue Jan  2 13:56:00 UTC 2018
#@# Relabel Hypointensities Tue Jan  2 13:56:15 UTC 2018
#@# AParc-to-ASeg aparc Tue Jan  2 13:57:20 UTC 2018
#@# AParc-to-ASeg a2009s Tue Jan  2 14:10:22 UTC 2018
#@# AParc-to-ASeg DKTatlas Tue Jan  2 14:22:24 UTC 2018
#@# APas-to-ASeg Tue Jan  2 14:34:39 UTC 2018
#@# ASeg Stats Tue Jan  2 14:34:54 UTC 2018
#@# WMParc Tue Jan  2 14:44:08 UTC 2018
#@# BA_exvivo Labels lh Tue Jan  2 15:09:19 UTC 2018
#@# BA_exvivo Labels rh Tue Jan  2 15:19:55 UTC 2018
recon-all -s 3129 finished without error at Tue Jan  2 15:30:37 UTC 2018
