status file for recon-all
Sun Dec 31 07:11:40 UTC 2017
#@# MotionCor Sun Dec 31 07:13:19 UTC 2017
#@# Talairach Sun Dec 31 07:13:32 UTC 2017
#@# Talairach Failure Detection Sun Dec 31 07:28:03 UTC 2017
#@# Nu Intensity Correction Sun Dec 31 07:28:03 UTC 2017
#@# Intensity Normalization Sun Dec 31 07:45:55 UTC 2017
#@# Skull Stripping Sun Dec 31 07:50:10 UTC 2017
#@# EM Registration Sun Dec 31 08:23:34 UTC 2017
#@# CA Normalize Sun Dec 31 09:05:56 UTC 2017
#@# CA Reg Sun Dec 31 09:09:14 UTC 2017
#@# SubCort Seg Sun Dec 31 14:51:20 UTC 2017
#@# Merge ASeg Sun Dec 31 16:32:47 UTC 2017
#@# Intensity Normalization2 Sun Dec 31 16:32:47 UTC 2017
#@# Mask BFS Sun Dec 31 16:38:54 UTC 2017
#@# WM Segmentation Sun Dec 31 16:38:57 UTC 2017
#@# Fill Sun Dec 31 16:42:13 UTC 2017
#@# Tessellate lh Sun Dec 31 16:43:36 UTC 2017
#@# Tessellate rh Sun Dec 31 16:43:47 UTC 2017
#@# Smooth1 lh Sun Dec 31 16:43:59 UTC 2017
#@# Smooth1 rh Sun Dec 31 16:44:08 UTC 2017
#@# Inflation1 lh Sun Dec 31 16:44:17 UTC 2017
#@# Inflation1 rh Sun Dec 31 16:45:20 UTC 2017
#@# QSphere lh Sun Dec 31 16:46:21 UTC 2017
#@# QSphere rh Sun Dec 31 16:52:42 UTC 2017
#@# Fix Topology Copy lh Sun Dec 31 16:58:55 UTC 2017
#@# Fix Topology Copy rh Sun Dec 31 16:58:55 UTC 2017
#@# Fix Topology lh Sun Dec 31 16:58:55 UTC 2017
#@# Fix Topology rh Sun Dec 31 18:20:03 UTC 2017
#@# Make White Surf lh Sun Dec 31 19:18:43 UTC 2017
#@# Make White Surf rh Sun Dec 31 19:29:37 UTC 2017
#@# Smooth2 lh Sun Dec 31 19:40:25 UTC 2017
#@# Smooth2 rh Sun Dec 31 19:40:37 UTC 2017
#@# Inflation2 lh Sun Dec 31 19:40:47 UTC 2017
#@# Inflation2 rh Sun Dec 31 19:42:08 UTC 2017
#@# Curv .H and .K lh Sun Dec 31 19:43:22 UTC 2017
#@# Curv .H and .K rh Sun Dec 31 19:46:08 UTC 2017
#@# Curvature Stats lh Sun Dec 31 19:48:51 UTC 2017
#@# Curvature Stats rh Sun Dec 31 19:48:58 UTC 2017
#@# Sphere lh Sun Dec 31 19:49:06 UTC 2017
#@# Sphere rh Sun Dec 31 21:31:51 UTC 2017
#@# Surf Reg lh Sun Dec 31 23:31:08 UTC 2017
#@# Surf Reg rh Mon Jan  1 02:01:06 UTC 2018
#@# Jacobian white lh Mon Jan  1 05:17:17 UTC 2018
#@# Jacobian white rh Mon Jan  1 05:17:24 UTC 2018
#@# AvgCurv lh Mon Jan  1 05:17:29 UTC 2018
#@# AvgCurv rh Mon Jan  1 05:17:34 UTC 2018
#@# Cortical Parc lh Mon Jan  1 05:17:39 UTC 2018
#@# Cortical Parc rh Mon Jan  1 05:18:30 UTC 2018
#@# Make Pial Surf lh Mon Jan  1 05:19:15 UTC 2018
#@# Make Pial Surf rh Mon Jan  1 05:59:53 UTC 2018
#@# Surf Volume lh Mon Jan  1 06:38:40 UTC 2018
#@# Surf Volume rh Mon Jan  1 06:38:50 UTC 2018
#@# Cortical ribbon mask Mon Jan  1 06:38:58 UTC 2018
#@# Parcellation Stats lh Mon Jan  1 07:09:41 UTC 2018
#@# Parcellation Stats rh Mon Jan  1 07:12:53 UTC 2018
#@# Cortical Parc 2 lh Mon Jan  1 07:15:58 UTC 2018
#@# Cortical Parc 2 rh Mon Jan  1 07:16:44 UTC 2018
#@# Parcellation Stats 2 lh Mon Jan  1 07:17:30 UTC 2018
#@# Parcellation Stats 2 rh Mon Jan  1 07:19:05 UTC 2018
#@# Cortical Parc 3 lh Mon Jan  1 07:20:38 UTC 2018
#@# Cortical Parc 3 rh Mon Jan  1 07:21:15 UTC 2018
#@# Parcellation Stats 3 lh Mon Jan  1 07:21:48 UTC 2018
#@# Parcellation Stats 3 rh Mon Jan  1 07:23:23 UTC 2018
#@# WM/GM Contrast lh Mon Jan  1 07:24:54 UTC 2018
#@# WM/GM Contrast rh Mon Jan  1 07:25:08 UTC 2018
#@# Relabel Hypointensities Mon Jan  1 07:25:21 UTC 2018
#@# AParc-to-ASeg aparc Mon Jan  1 07:26:25 UTC 2018
#@# AParc-to-ASeg a2009s Mon Jan  1 07:40:52 UTC 2018
#@# AParc-to-ASeg DKTatlas Mon Jan  1 07:55:51 UTC 2018
#@# APas-to-ASeg Mon Jan  1 08:11:17 UTC 2018
#@# ASeg Stats Mon Jan  1 08:11:35 UTC 2018
#@# WMParc Mon Jan  1 08:22:19 UTC 2018
#@# BA_exvivo Labels lh Mon Jan  1 08:53:05 UTC 2018
#@# BA_exvivo Labels rh Mon Jan  1 09:04:47 UTC 2018
recon-all -s 3132 finished without error at Mon Jan  1 09:16:33 UTC 2018
