status file for recon-all
Sun Jan 14 00:42:57 UTC 2018
#@# MotionCor Sun Jan 14 00:43:16 UTC 2018
#@# Talairach Sun Jan 14 00:43:31 UTC 2018
#@# Talairach Failure Detection Sun Jan 14 00:55:58 UTC 2018
#@# Nu Intensity Correction Sun Jan 14 00:55:58 UTC 2018
#@# Intensity Normalization Sun Jan 14 01:13:28 UTC 2018
#@# Skull Stripping Sun Jan 14 01:17:58 UTC 2018
#@# EM Registration Sun Jan 14 02:01:59 UTC 2018
#@# CA Normalize Sun Jan 14 02:36:13 UTC 2018
#@# CA Reg Sun Jan 14 02:39:23 UTC 2018
#@# SubCort Seg Sun Jan 14 08:15:57 UTC 2018
#@# Merge ASeg Sun Jan 14 10:07:14 UTC 2018
#@# Intensity Normalization2 Sun Jan 14 10:07:14 UTC 2018
#@# Mask BFS Sun Jan 14 10:13:17 UTC 2018
#@# WM Segmentation Sun Jan 14 10:13:20 UTC 2018
#@# Fill Sun Jan 14 10:16:51 UTC 2018
#@# Tessellate lh Sun Jan 14 10:18:10 UTC 2018
#@# Tessellate rh Sun Jan 14 10:18:22 UTC 2018
#@# Smooth1 lh Sun Jan 14 10:18:32 UTC 2018
#@# Smooth1 rh Sun Jan 14 10:18:41 UTC 2018
#@# Inflation1 lh Sun Jan 14 10:18:51 UTC 2018
#@# Inflation1 rh Sun Jan 14 10:19:52 UTC 2018
#@# QSphere lh Sun Jan 14 10:20:51 UTC 2018
#@# QSphere rh Sun Jan 14 10:27:11 UTC 2018
#@# Fix Topology Copy lh Sun Jan 14 10:33:07 UTC 2018
#@# Fix Topology Copy rh Sun Jan 14 10:33:07 UTC 2018
#@# Fix Topology lh Sun Jan 14 10:33:07 UTC 2018
#@# Fix Topology rh Sun Jan 14 11:31:29 UTC 2018
#@# Make White Surf lh Sun Jan 14 12:29:44 UTC 2018
#@# Make White Surf rh Sun Jan 14 12:38:12 UTC 2018
#@# Smooth2 lh Sun Jan 14 12:46:54 UTC 2018
#@# Smooth2 rh Sun Jan 14 12:47:03 UTC 2018
#@# Inflation2 lh Sun Jan 14 12:47:12 UTC 2018
#@# Inflation2 rh Sun Jan 14 12:48:10 UTC 2018
#@# Curv .H and .K lh Sun Jan 14 12:49:10 UTC 2018
#@# Curv .H and .K rh Sun Jan 14 12:51:36 UTC 2018
#@# Curvature Stats lh Sun Jan 14 12:54:02 UTC 2018
#@# Curvature Stats rh Sun Jan 14 12:54:08 UTC 2018
#@# Sphere lh Sun Jan 14 12:54:15 UTC 2018
#@# Sphere rh Sun Jan 14 14:23:28 UTC 2018
#@# Surf Reg lh Sun Jan 14 15:44:40 UTC 2018
#@# Surf Reg rh Sun Jan 14 17:24:41 UTC 2018
#@# Jacobian white lh Sun Jan 14 19:26:45 UTC 2018
#@# Jacobian white rh Sun Jan 14 19:26:48 UTC 2018
#@# AvgCurv lh Sun Jan 14 19:26:52 UTC 2018
#@# AvgCurv rh Sun Jan 14 19:26:55 UTC 2018
#@# Cortical Parc lh Sun Jan 14 19:26:58 UTC 2018
#@# Cortical Parc rh Sun Jan 14 19:27:25 UTC 2018
#@# Make Pial Surf lh Sun Jan 14 19:27:50 UTC 2018
#@# Make Pial Surf rh Sun Jan 14 19:52:48 UTC 2018
#@# Surf Volume lh Sun Jan 14 20:17:15 UTC 2018
#@# Surf Volume rh Sun Jan 14 20:17:21 UTC 2018
#@# Cortical ribbon mask Sun Jan 14 20:17:27 UTC 2018
#@# Parcellation Stats lh Sun Jan 14 20:46:56 UTC 2018
#@# Parcellation Stats rh Sun Jan 14 20:49:28 UTC 2018
#@# Cortical Parc 2 lh Sun Jan 14 20:51:58 UTC 2018
#@# Cortical Parc 2 rh Sun Jan 14 20:52:33 UTC 2018
#@# Parcellation Stats 2 lh Sun Jan 14 20:53:07 UTC 2018
#@# Parcellation Stats 2 rh Sun Jan 14 20:54:25 UTC 2018
#@# Cortical Parc 3 lh Sun Jan 14 20:55:44 UTC 2018
#@# Cortical Parc 3 rh Sun Jan 14 20:56:09 UTC 2018
#@# Parcellation Stats 3 lh Sun Jan 14 20:56:36 UTC 2018
#@# Parcellation Stats 3 rh Sun Jan 14 20:57:51 UTC 2018
#@# WM/GM Contrast lh Sun Jan 14 20:59:09 UTC 2018
#@# WM/GM Contrast rh Sun Jan 14 20:59:20 UTC 2018
#@# Relabel Hypointensities Sun Jan 14 20:59:31 UTC 2018
#@# AParc-to-ASeg aparc Sun Jan 14 21:00:08 UTC 2018
#@# AParc-to-ASeg a2009s Sun Jan 14 21:08:33 UTC 2018
#@# AParc-to-ASeg DKTatlas Sun Jan 14 21:17:12 UTC 2018
#@# APas-to-ASeg Sun Jan 14 21:25:20 UTC 2018
#@# ASeg Stats Sun Jan 14 21:25:32 UTC 2018
#@# WMParc Sun Jan 14 21:30:55 UTC 2018
#@# BA_exvivo Labels lh Sun Jan 14 21:50:32 UTC 2018
#@# BA_exvivo Labels rh Sun Jan 14 21:59:55 UTC 2018
recon-all -s 3760 finished without error at Sun Jan 14 22:08:48 UTC 2018
