status file for recon-all
Sun Dec 31 07:08:19 UTC 2017
#@# MotionCor Sun Dec 31 07:08:27 UTC 2017
#@# Talairach Sun Dec 31 07:08:41 UTC 2017
#@# Talairach Failure Detection Sun Dec 31 07:23:49 UTC 2017
#@# Nu Intensity Correction Sun Dec 31 07:24:02 UTC 2017
#@# Intensity Normalization Sun Dec 31 07:43:19 UTC 2017
#@# Skull Stripping Sun Dec 31 07:47:16 UTC 2017
#@# EM Registration Sun Dec 31 08:20:58 UTC 2017
#@# CA Normalize Sun Dec 31 08:53:33 UTC 2017
#@# CA Reg Sun Dec 31 08:56:44 UTC 2017
#@# SubCort Seg Sun Dec 31 14:19:20 UTC 2017
#@# Merge ASeg Sun Dec 31 16:04:55 UTC 2017
#@# Intensity Normalization2 Sun Dec 31 16:04:55 UTC 2017
#@# Mask BFS Sun Dec 31 16:10:55 UTC 2017
#@# WM Segmentation Sun Dec 31 16:10:57 UTC 2017
#@# Fill Sun Dec 31 16:14:18 UTC 2017
#@# Tessellate lh Sun Dec 31 16:15:35 UTC 2017
#@# Tessellate rh Sun Dec 31 16:15:44 UTC 2017
#@# Smooth1 lh Sun Dec 31 16:15:53 UTC 2017
#@# Smooth1 rh Sun Dec 31 16:16:03 UTC 2017
#@# Inflation1 lh Sun Dec 31 16:16:13 UTC 2017
#@# Inflation1 rh Sun Dec 31 16:17:15 UTC 2017
#@# QSphere lh Sun Dec 31 16:18:16 UTC 2017
#@# QSphere rh Sun Dec 31 16:24:53 UTC 2017
#@# Fix Topology Copy lh Sun Dec 31 16:31:22 UTC 2017
#@# Fix Topology Copy rh Sun Dec 31 16:31:22 UTC 2017
#@# Fix Topology lh Sun Dec 31 16:31:22 UTC 2017
#@# Fix Topology rh Sun Dec 31 18:06:06 UTC 2017
#@# Make White Surf lh Sun Dec 31 19:40:15 UTC 2017
#@# Make White Surf rh Sun Dec 31 19:50:48 UTC 2017
#@# Smooth2 lh Sun Dec 31 20:01:36 UTC 2017
#@# Smooth2 rh Sun Dec 31 20:01:47 UTC 2017
#@# Inflation2 lh Sun Dec 31 20:01:58 UTC 2017
#@# Inflation2 rh Sun Dec 31 20:03:24 UTC 2017
#@# Curv .H and .K lh Sun Dec 31 20:04:46 UTC 2017
#@# Curv .H and .K rh Sun Dec 31 20:07:41 UTC 2017
#@# Curvature Stats lh Sun Dec 31 20:10:31 UTC 2017
#@# Curvature Stats rh Sun Dec 31 20:10:39 UTC 2017
#@# Sphere lh Sun Dec 31 20:10:46 UTC 2017
#@# Sphere rh Sun Dec 31 21:58:54 UTC 2017
#@# Surf Reg lh Mon Jan  1 00:25:00 UTC 2018
#@# Surf Reg rh Mon Jan  1 03:09:56 UTC 2018
#@# Jacobian white lh Mon Jan  1 05:58:16 UTC 2018
#@# Jacobian white rh Mon Jan  1 05:58:23 UTC 2018
#@# AvgCurv lh Mon Jan  1 05:58:29 UTC 2018
#@# AvgCurv rh Mon Jan  1 05:58:34 UTC 2018
#@# Cortical Parc lh Mon Jan  1 05:58:40 UTC 2018
#@# Cortical Parc rh Mon Jan  1 05:59:29 UTC 2018
#@# Make Pial Surf lh Mon Jan  1 06:00:15 UTC 2018
#@# Make Pial Surf rh Mon Jan  1 06:42:40 UTC 2018
#@# Surf Volume lh Mon Jan  1 07:18:11 UTC 2018
#@# Surf Volume rh Mon Jan  1 07:18:20 UTC 2018
#@# Cortical ribbon mask Mon Jan  1 07:18:26 UTC 2018
#@# Parcellation Stats lh Mon Jan  1 07:57:43 UTC 2018
#@# Parcellation Stats rh Mon Jan  1 08:01:04 UTC 2018
#@# Cortical Parc 2 lh Mon Jan  1 08:04:32 UTC 2018
#@# Cortical Parc 2 rh Mon Jan  1 08:05:26 UTC 2018
#@# Parcellation Stats 2 lh Mon Jan  1 08:06:14 UTC 2018
#@# Parcellation Stats 2 rh Mon Jan  1 08:07:58 UTC 2018
#@# Cortical Parc 3 lh Mon Jan  1 08:09:39 UTC 2018
#@# Cortical Parc 3 rh Mon Jan  1 08:10:21 UTC 2018
#@# Parcellation Stats 3 lh Mon Jan  1 08:10:57 UTC 2018
#@# Parcellation Stats 3 rh Mon Jan  1 08:12:35 UTC 2018
#@# WM/GM Contrast lh Mon Jan  1 08:14:19 UTC 2018
#@# WM/GM Contrast rh Mon Jan  1 08:14:34 UTC 2018
#@# Relabel Hypointensities Mon Jan  1 08:14:49 UTC 2018
#@# AParc-to-ASeg aparc Mon Jan  1 08:15:53 UTC 2018
#@# AParc-to-ASeg a2009s Mon Jan  1 08:29:33 UTC 2018
#@# AParc-to-ASeg DKTatlas Mon Jan  1 08:42:45 UTC 2018
#@# APas-to-ASeg Mon Jan  1 08:57:04 UTC 2018
#@# ASeg Stats Mon Jan  1 08:57:22 UTC 2018
#@# WMParc Mon Jan  1 09:08:48 UTC 2018
#@# BA_exvivo Labels lh Mon Jan  1 09:40:03 UTC 2018
#@# BA_exvivo Labels rh Mon Jan  1 09:52:30 UTC 2018
recon-all -s 3127 finished without error at Mon Jan  1 10:04:25 UTC 2018
