status file for recon-all
Sun Dec 31 21:35:39 UTC 2017
#@# MotionCor Sun Dec 31 21:36:00 UTC 2017
#@# Talairach Sun Dec 31 21:36:36 UTC 2017
#@# Talairach Failure Detection Sun Dec 31 21:40:56 UTC 2017
#@# Nu Intensity Correction Sun Dec 31 21:40:56 UTC 2017
#@# Intensity Normalization Sun Dec 31 21:46:49 UTC 2017
#@# Skull Stripping Sun Dec 31 21:52:22 UTC 2017
#@# EM Registration Sun Dec 31 22:30:56 UTC 2017
#@# CA Normalize Sun Dec 31 23:33:29 UTC 2017
#@# CA Reg Sun Dec 31 23:37:05 UTC 2017
#@# SubCort Seg Mon Jan  1 07:46:25 UTC 2018
#@# Merge ASeg Mon Jan  1 11:09:53 UTC 2018
#@# Intensity Normalization2 Mon Jan  1 11:09:53 UTC 2018
#@# Mask BFS Mon Jan  1 11:17:44 UTC 2018
#@# WM Segmentation Mon Jan  1 11:17:49 UTC 2018
#@# Fill Mon Jan  1 11:23:48 UTC 2018
#@# Tessellate lh Mon Jan  1 11:25:21 UTC 2018
#@# Tessellate rh Mon Jan  1 11:25:35 UTC 2018
#@# Smooth1 lh Mon Jan  1 11:25:50 UTC 2018
#@# Smooth1 rh Mon Jan  1 11:26:02 UTC 2018
#@# Inflation1 lh Mon Jan  1 11:26:16 UTC 2018
#@# Inflation1 rh Mon Jan  1 11:27:50 UTC 2018
#@# QSphere lh Mon Jan  1 11:29:29 UTC 2018
#@# QSphere rh Mon Jan  1 11:39:04 UTC 2018
#@# Fix Topology Copy lh Mon Jan  1 11:49:11 UTC 2018
#@# Fix Topology Copy rh Mon Jan  1 11:49:11 UTC 2018
#@# Fix Topology lh Mon Jan  1 11:49:11 UTC 2018
#@# Fix Topology rh Mon Jan  1 13:43:14 UTC 2018
#@# Make White Surf lh Mon Jan  1 15:01:22 UTC 2018
#@# Make White Surf rh Mon Jan  1 15:11:00 UTC 2018
#@# Smooth2 lh Mon Jan  1 15:20:24 UTC 2018
#@# Smooth2 rh Mon Jan  1 15:20:35 UTC 2018
#@# Inflation2 lh Mon Jan  1 15:20:45 UTC 2018
#@# Inflation2 rh Mon Jan  1 15:22:04 UTC 2018
#@# Curv .H and .K lh Mon Jan  1 15:23:18 UTC 2018
#@# Curv .H and .K rh Mon Jan  1 15:26:06 UTC 2018
#@# Curvature Stats lh Mon Jan  1 15:29:06 UTC 2018
#@# Curvature Stats rh Mon Jan  1 15:29:15 UTC 2018
#@# Sphere lh Mon Jan  1 15:29:23 UTC 2018
#@# Sphere rh Mon Jan  1 17:20:54 UTC 2018
#@# Surf Reg lh Mon Jan  1 19:06:44 UTC 2018
#@# Surf Reg rh Mon Jan  1 21:24:12 UTC 2018
#@# Jacobian white lh Mon Jan  1 23:19:59 UTC 2018
#@# Jacobian white rh Mon Jan  1 23:20:03 UTC 2018
#@# AvgCurv lh Mon Jan  1 23:20:08 UTC 2018
#@# AvgCurv rh Mon Jan  1 23:20:13 UTC 2018
#@# Cortical Parc lh Mon Jan  1 23:20:16 UTC 2018
#@# Cortical Parc rh Mon Jan  1 23:20:51 UTC 2018
#@# Make Pial Surf lh Mon Jan  1 23:21:23 UTC 2018
#@# Make Pial Surf rh Mon Jan  1 23:57:17 UTC 2018
#@# Surf Volume lh Tue Jan  2 00:31:06 UTC 2018
#@# Surf Volume rh Tue Jan  2 00:31:15 UTC 2018
#@# Cortical ribbon mask Tue Jan  2 00:31:24 UTC 2018
#@# Parcellation Stats lh Tue Jan  2 01:13:56 UTC 2018
#@# Parcellation Stats rh Tue Jan  2 01:17:43 UTC 2018
#@# Cortical Parc 2 lh Tue Jan  2 01:21:34 UTC 2018
#@# Cortical Parc 2 rh Tue Jan  2 01:22:31 UTC 2018
#@# Parcellation Stats 2 lh Tue Jan  2 01:23:26 UTC 2018
#@# Parcellation Stats 2 rh Tue Jan  2 01:25:24 UTC 2018
#@# Cortical Parc 3 lh Tue Jan  2 01:27:20 UTC 2018
#@# Cortical Parc 3 rh Tue Jan  2 01:28:03 UTC 2018
#@# Parcellation Stats 3 lh Tue Jan  2 01:28:40 UTC 2018
#@# Parcellation Stats 3 rh Tue Jan  2 01:30:31 UTC 2018
#@# WM/GM Contrast lh Tue Jan  2 01:32:31 UTC 2018
#@# WM/GM Contrast rh Tue Jan  2 01:32:54 UTC 2018
#@# Relabel Hypointensities Tue Jan  2 01:33:16 UTC 2018
#@# AParc-to-ASeg aparc Tue Jan  2 01:34:20 UTC 2018
#@# AParc-to-ASeg a2009s Tue Jan  2 01:47:44 UTC 2018
#@# AParc-to-ASeg DKTatlas Tue Jan  2 02:00:16 UTC 2018
#@# APas-to-ASeg Tue Jan  2 02:13:22 UTC 2018
#@# ASeg Stats Tue Jan  2 02:13:40 UTC 2018
#@# WMParc Tue Jan  2 02:23:06 UTC 2018
#@# BA_exvivo Labels lh Tue Jan  2 02:48:35 UTC 2018
#@# BA_exvivo Labels rh Tue Jan  2 03:00:44 UTC 2018
recon-all -s 3211 finished without error at Tue Jan  2 03:12:06 UTC 2018
