status file for recon-all
Sun Jan 14 00:42:29 UTC 2018
#@# MotionCor Sun Jan 14 00:42:37 UTC 2018
#@# Talairach Sun Jan 14 00:42:51 UTC 2018
#@# Talairach Failure Detection Sun Jan 14 00:56:01 UTC 2018
#@# Nu Intensity Correction Sun Jan 14 00:56:01 UTC 2018
#@# Intensity Normalization Sun Jan 14 01:12:44 UTC 2018
#@# Skull Stripping Sun Jan 14 01:17:17 UTC 2018
#@# EM Registration Sun Jan 14 01:53:18 UTC 2018
#@# CA Normalize Sun Jan 14 02:36:25 UTC 2018
#@# CA Reg Sun Jan 14 02:39:43 UTC 2018
#@# SubCort Seg Sun Jan 14 08:32:57 UTC 2018
#@# Merge ASeg Sun Jan 14 10:19:31 UTC 2018
#@# Intensity Normalization2 Sun Jan 14 10:19:31 UTC 2018
#@# Mask BFS Sun Jan 14 10:25:29 UTC 2018
#@# WM Segmentation Sun Jan 14 10:25:31 UTC 2018
#@# Fill Sun Jan 14 10:29:03 UTC 2018
#@# Tessellate lh Sun Jan 14 10:30:26 UTC 2018
#@# Tessellate rh Sun Jan 14 10:30:36 UTC 2018
#@# Smooth1 lh Sun Jan 14 10:30:46 UTC 2018
#@# Smooth1 rh Sun Jan 14 10:30:55 UTC 2018
#@# Inflation1 lh Sun Jan 14 10:31:06 UTC 2018
#@# Inflation1 rh Sun Jan 14 10:32:08 UTC 2018
#@# QSphere lh Sun Jan 14 10:33:07 UTC 2018
#@# QSphere rh Sun Jan 14 10:39:26 UTC 2018
#@# Fix Topology Copy lh Sun Jan 14 10:45:23 UTC 2018
#@# Fix Topology Copy rh Sun Jan 14 10:45:23 UTC 2018
#@# Fix Topology lh Sun Jan 14 10:45:23 UTC 2018
#@# Fix Topology rh Sun Jan 14 11:24:06 UTC 2018
#@# Make White Surf lh Sun Jan 14 12:22:40 UTC 2018
#@# Make White Surf rh Sun Jan 14 12:31:13 UTC 2018
#@# Smooth2 lh Sun Jan 14 12:39:35 UTC 2018
#@# Smooth2 rh Sun Jan 14 12:39:44 UTC 2018
#@# Inflation2 lh Sun Jan 14 12:39:52 UTC 2018
#@# Inflation2 rh Sun Jan 14 12:40:50 UTC 2018
#@# Curv .H and .K lh Sun Jan 14 12:41:48 UTC 2018
#@# Curv .H and .K rh Sun Jan 14 12:44:12 UTC 2018
#@# Curvature Stats lh Sun Jan 14 12:46:38 UTC 2018
#@# Curvature Stats rh Sun Jan 14 12:46:43 UTC 2018
#@# Sphere lh Sun Jan 14 12:46:49 UTC 2018
#@# Sphere rh Sun Jan 14 14:01:00 UTC 2018
#@# Surf Reg lh Sun Jan 14 15:25:12 UTC 2018
#@# Surf Reg rh Sun Jan 14 16:43:28 UTC 2018
#@# Jacobian white lh Sun Jan 14 18:29:41 UTC 2018
#@# Jacobian white rh Sun Jan 14 18:29:44 UTC 2018
#@# AvgCurv lh Sun Jan 14 18:29:48 UTC 2018
#@# AvgCurv rh Sun Jan 14 18:29:51 UTC 2018
#@# Cortical Parc lh Sun Jan 14 18:29:54 UTC 2018
#@# Cortical Parc rh Sun Jan 14 18:30:20 UTC 2018
#@# Make Pial Surf lh Sun Jan 14 18:30:46 UTC 2018
#@# Make Pial Surf rh Sun Jan 14 18:56:11 UTC 2018
#@# Surf Volume lh Sun Jan 14 19:20:32 UTC 2018
#@# Surf Volume rh Sun Jan 14 19:20:37 UTC 2018
#@# Cortical ribbon mask Sun Jan 14 19:20:41 UTC 2018
#@# Parcellation Stats lh Sun Jan 14 19:48:39 UTC 2018
#@# Parcellation Stats rh Sun Jan 14 19:51:02 UTC 2018
#@# Cortical Parc 2 lh Sun Jan 14 19:53:20 UTC 2018
#@# Cortical Parc 2 rh Sun Jan 14 19:53:50 UTC 2018
#@# Parcellation Stats 2 lh Sun Jan 14 19:54:22 UTC 2018
#@# Parcellation Stats 2 rh Sun Jan 14 19:55:38 UTC 2018
#@# Cortical Parc 3 lh Sun Jan 14 19:56:47 UTC 2018
#@# Cortical Parc 3 rh Sun Jan 14 19:57:13 UTC 2018
#@# Parcellation Stats 3 lh Sun Jan 14 19:57:37 UTC 2018
#@# Parcellation Stats 3 rh Sun Jan 14 19:58:49 UTC 2018
#@# WM/GM Contrast lh Sun Jan 14 19:59:58 UTC 2018
#@# WM/GM Contrast rh Sun Jan 14 20:00:09 UTC 2018
#@# Relabel Hypointensities Sun Jan 14 20:00:18 UTC 2018
#@# AParc-to-ASeg aparc Sun Jan 14 20:00:54 UTC 2018
#@# AParc-to-ASeg a2009s Sun Jan 14 20:09:29 UTC 2018
#@# AParc-to-ASeg DKTatlas Sun Jan 14 20:18:26 UTC 2018
#@# APas-to-ASeg Sun Jan 14 20:27:33 UTC 2018
#@# ASeg Stats Sun Jan 14 20:27:45 UTC 2018
#@# WMParc Sun Jan 14 20:33:56 UTC 2018
#@# BA_exvivo Labels lh Sun Jan 14 20:54:18 UTC 2018
#@# BA_exvivo Labels rh Sun Jan 14 21:03:15 UTC 2018
recon-all -s 3753 finished without error at Sun Jan 14 21:12:27 UTC 2018
