/usr/local/freesurfer/subjects/3130/mri
/usr/local/freesurfer/bin/talairach_avi
--i orig_nu.mgz --xfm transforms/talairach.auto.xfm
$Id: talairach_avi,v 1.13 2015/12/23 04:25:17 greve Exp $
Linux yashar 3.13.0-121-generic #170-Ubuntu SMP Wed Jun 14 09:04:33 UTC 2017 x86_64 x86_64 x86_64 GNU/Linux
Sun Dec 31 07:22:35 UTC 2017
mri_convert.bin orig_nu.mgz talsrcimg.img 
$Id: mri_convert.c,v 1.226 2016/02/26 16:15:24 mreuter Exp $
reading from orig_nu.mgz...
TR=0.00, TE=0.00, TI=0.00, flip angle=0.00
i_ras = (-1, 0, 0)
j_ras = (0, 0, -1)
k_ras = (0, 1, 0)
writing to talsrcimg.img...
Analyze Output Matrix
-1.00000   0.00000   0.00000   332.18073;
 0.00000   0.00000   1.00000   143.50000;
 0.00000  -1.00000   0.00000   651.21686;
 0.00000   0.00000   0.00000   1.00000;
--------------------
INFO: set hdr.hist.orient to -1
mpr2mni305 talsrcimg
Sun Dec 31 07:22:42 UTC 2017
/usr/local/freesurfer/bin/mpr2mni305 talsrcimg
$Id: mpr2mni305,v 1.5 2015/12/18 23:56:21 zkaufman Exp $
target=711-2C_as_mni_average_305

---------------------------------------------------------------------
analyzeto4dfp talsrcimg -O0 -y
---------------------------------------------------------------------

$Id: ifh2hdr.c,v 1.3 2007/05/05 10:45:03 nicks Exp $
Sun Dec 31 07:22:47 2017
Writing: talsrcimg.4dfp.hdr
$Id: analyzeto4dfp.c,v 1.2 2007/05/05 00:00:06 nicks Exp $
Reading: talsrcimg.hdr
header size 348 bytes
hdr.dime.datatype	offset=70	value=2
hdr.dime.bitpix		offset=72	value=8
hdr.hist.orient		offset=252	value=-1
dimensionality     4
dimensions       256       256       256         1
Reading: talsrcimg.img
Writing: talsrcimg.4dfp.img
Writing: talsrcimg.4dfp.ifh
ifh2hdr talsrcimg -r0to255
ori=2

---------------------------------------------------------------------
imgreg_4dfp /usr/local/freesurfer/average/711-2C_as_mni_average_305 none talsrcimg_g11 none talsrcimg_to_711-2C_as_mni_average_305_t4 4355
---------------------------------------------------------------------

$Id: imgreg_4dfp.c,v 1.4 2010/02/27 01:41:53 nicks Exp $
/usr/local/freesurfer/average/711-2C_as_mni_average_305.4dfp.img
       256       256       256         1
  1.000000  1.000000  1.000000
orientation T byte_order littleendian
Reading image: /usr/local/freesurfer/average/711-2C_as_mni_average_305.4dfp.img
dimensions:      256       256       256
mmppix:       1.0000   -1.0000   -1.0000
center:     128.0000 -129.0000 -129.0000
talsrcimg_g11.4dfp.img
       256       256       256         1
  1.000000  1.000000  1.000000
orientation T byte_order littleendian
Reading image: talsrcimg_g11.4dfp.img
dimensions:      256       256       256
mmppix:       1.0000   -1.0000   -1.0000
center:     128.0000 -129.0000 -129.0000
rotation matrix determinant  1.000000
image alignment mode   4355 decimal     1103 hex
   -7.5000  -45.0000  -45.0000 9285.0635    7.7031
    0.0000  -45.0000  -45.0000 9735.6777    7.6997
    7.5000  -45.0000  -45.0000 9249.1064    7.6922
   -7.5000  -37.5000  -45.0000 9375.3096    7.7755
    0.0000  -37.5000  -45.0000 9844.4736    7.7718
    7.5000  -37.5000  -45.0000 9343.0527    7.7644
   -7.5000  -30.0000  -45.0000 9642.0244    7.6163
    0.0000  -30.0000  -45.000010118.3223    7.6142
    7.5000  -30.0000  -45.0000 9618.7041    7.6076
   -7.5000  -22.5000  -45.0000 9926.2754    7.4763
    0.0000  -22.5000  -45.000010399.8945    7.4759
    7.5000  -22.5000  -45.0000 9894.9893    7.4695
   -7.5000  -15.0000  -45.000010252.9756    7.4024
    0.0000  -15.0000  -45.000010723.5596    7.4020
    7.5000  -15.0000  -45.000010224.0303    7.3944
   -7.5000   -7.5000  -45.000010563.8135    7.3470
    0.0000   -7.5000  -45.000011043.6621    7.3455
    7.5000   -7.5000  -45.000010505.7910    7.3370
   -7.5000    0.0000  -45.000010843.1943    7.3284
    0.0000    0.0000  -45.000011337.0625    7.3258
    7.5000    0.0000  -45.000010746.9824    7.3181
   -7.5000    7.5000  -45.000010361.3262    7.5019
    0.0000    7.5000  -45.000010843.8203    7.4988
    7.5000    7.5000  -45.000010259.5635    7.4912
   -7.5000   15.0000  -45.0000 9888.8105    7.7527
    0.0000   15.0000  -45.000010343.7051    7.7498
    7.5000   15.0000  -45.0000 9790.3213    7.7423
   -7.5000   22.5000  -45.0000 9364.9336    8.0347
    0.0000   22.5000  -45.0000 9806.9854    8.0306
    7.5000   22.5000  -45.0000 9266.3887    8.0219
   -7.5000   30.0000  -45.0000 8810.1826    8.2234
    0.0000   30.0000  -45.0000 9219.7969    8.2184
    7.5000   30.0000  -45.0000 8736.7363    8.2071
   -7.5000   37.5000  -45.0000 8539.2871    8.5379
    0.0000   37.5000  -45.0000 8958.4355    8.5332
    7.5000   37.5000  -45.0000 8502.2490    8.5225
   -7.5000   45.0000  -45.0000 8038.2061    8.6514
    0.0000   45.0000  -45.0000 8468.6162    8.6452
    7.5000   45.0000  -45.0000 8036.4038    8.6352
   -7.5000  -45.0000  -37.5000 9814.0918    7.5551
    0.0000  -45.0000  -37.500010275.6250    7.5521
    7.5000  -45.0000  -37.5000 9778.5762    7.5438
   -7.5000  -37.5000  -37.5000 9939.5498    7.6283
    0.0000  -37.5000  -37.500010396.9248    7.6241
    7.5000  -37.5000  -37.5000 9894.0801    7.6144
   -7.5000  -30.0000  -37.500010252.9014    7.4769
    0.0000  -30.0000  -37.500010700.7178    7.4734
    7.5000  -30.0000  -37.500010199.4639    7.4634
   -7.5000  -22.5000  -37.500010543.6611    7.3405
    0.0000  -22.5000  -37.500011014.1680    7.3384
    7.5000  -22.5000  -37.500010500.3262    7.3287
   -7.5000  -15.0000  -37.500010895.0342    7.2655
    0.0000  -15.0000  -37.500011393.8789    7.2645
    7.5000  -15.0000  -37.500010859.3633    7.2547
   -7.5000   -7.5000  -37.500011239.9893    7.2089
    0.0000   -7.5000  -37.500011747.4023    7.2078
    7.5000   -7.5000  -37.500011164.3721    7.1985
   -7.5000    0.0000  -37.500011505.9561    7.1911
    0.0000    0.0000  -37.500012042.2930    7.1890
    7.5000    0.0000  -37.500011422.8809    7.1805
   -7.5000    7.5000  -37.500010988.8760    7.3615
    0.0000    7.5000  -37.500011498.5889    7.3582
    7.5000    7.5000  -37.500010873.9863    7.3485
   -7.5000   15.0000  -37.500010481.8555    7.6097
    0.0000   15.0000  -37.500010962.0107    7.6050
    7.5000   15.0000  -37.500010369.4521    7.5942
   -7.5000   22.5000  -37.5000 9898.6738    7.8860
    0.0000   22.5000  -37.500010381.3301    7.8803
    7.5000   22.5000  -37.5000 9811.1289    7.8686
   -7.5000   30.0000  -37.5000 9277.7559    8.0693
    0.0000   30.0000  -37.5000 9715.9277    8.0641
    7.5000   30.0000  -37.5000 9217.5830    8.0511
   -7.5000   37.5000  -37.5000 8998.5586    8.3770
    0.0000   37.5000  -37.5000 9437.0518    8.3729
    7.5000   37.5000  -37.5000 8982.8428    8.3614
   -7.5000   45.0000  -37.5000 8474.7432    8.4922
    0.0000   45.0000  -37.5000 8895.9297    8.4858
    7.5000   45.0000  -37.5000 8482.9326    8.4737
   -7.5000  -45.0000  -30.000010576.9170    7.7677
    0.0000  -45.0000  -30.000011062.4443    7.7660
    7.5000  -45.0000  -30.000010533.7119    7.7554
   -7.5000  -37.5000  -30.000010714.9014    7.8435
    0.0000  -37.5000  -30.000011181.8330    7.8399
    7.5000  -37.5000  -30.000010666.2969    7.8267
   -7.5000  -30.0000  -30.000011074.9229    7.6901
    0.0000  -30.0000  -30.000011544.8857    7.6879
    7.5000  -30.0000  -30.000011037.7998    7.6747
   -7.5000  -22.5000  -30.000011411.0664    7.5492
    0.0000  -22.5000  -30.000011899.6650    7.5491
    7.5000  -22.5000  -30.000011388.6279    7.5377
   -7.5000  -15.0000  -30.000011804.3477    7.4696
    0.0000  -15.0000  -30.000012311.0791    7.4711
    7.5000  -15.0000  -30.000011755.2783    7.4609
   -7.5000   -7.5000  -30.000012172.3594    7.4105
    0.0000   -7.5000  -30.000012695.2705    7.4116
    7.5000   -7.5000  -30.000012093.7217    7.4017
   -7.5000    0.0000  -30.000012431.3037    7.3944
    0.0000    0.0000  -30.000013000.9395    7.3937
    7.5000    0.0000  -30.000012342.4346    7.3833
   -7.5000    7.5000  -30.000011853.8320    7.5696
    0.0000    7.5000  -30.000012408.7188    7.5670
    7.5000    7.5000  -30.000011737.0889    7.5542
   -7.5000   15.0000  -30.000011284.5957    7.8259
    0.0000   15.0000  -30.000011804.0352    7.8219
    7.5000   15.0000  -30.000011169.6484    7.8083
   -7.5000   22.5000  -30.000010636.1973    8.1089
    0.0000   22.5000  -30.000011137.6729    8.1047
    7.5000   22.5000  -30.000010555.9063    8.0912
   -7.5000   30.0000  -30.0000 9972.8721    8.2973
    0.0000   30.0000  -30.000010426.8682    8.2940
    7.5000   30.0000  -30.0000 9929.2412    8.2811
   -7.5000   37.5000  -30.0000 9684.5928    8.6133
    0.0000   37.5000  -30.000010131.1787    8.6105
    7.5000   37.5000  -30.0000 9682.7090    8.5994
   -7.5000   45.0000  -30.0000 9114.9561    8.7436
    0.0000   45.0000  -30.0000 9524.0352    8.7364
    7.5000   45.0000  -30.0000 9136.3691    8.7213
   -7.5000  -45.0000  -22.500011325.5449    7.9432
    0.0000  -45.0000  -22.500011827.8584    7.9434
    7.5000  -45.0000  -22.500011289.8291    7.9313
   -7.5000  -37.5000  -22.500011514.0664    8.0186
    0.0000  -37.5000  -22.500011996.5146    8.0168
    7.5000  -37.5000  -22.500011453.0527    8.0020
   -7.5000  -30.0000  -22.500011952.0459    7.8608
    0.0000  -30.0000  -22.500012439.5156    7.8623
    7.5000  -30.0000  -22.500011886.8350    7.8492
   -7.5000  -22.5000  -22.500012334.5762    7.7167
    0.0000  -22.5000  -22.500012853.4238    7.7215
    7.5000  -22.5000  -22.500012282.2061    7.7117
   -7.5000  -15.0000  -22.500012749.9473    7.6351
    0.0000  -15.0000  -22.500013268.9922    7.6411
    7.5000  -15.0000  -22.500012675.6895    7.6330
   -7.5000   -7.5000  -22.500013106.5449    7.5754
    0.0000   -7.5000  -22.500013660.9697    7.5794
    7.5000   -7.5000  -22.500013016.5459    7.5701
   -7.5000    0.0000  -22.500013399.6924    7.5606
    0.0000    0.0000  -22.500014018.2783    7.5617
    7.5000    0.0000  -22.500013307.9023    7.5502
   -7.5000    7.5000  -22.500012767.6748    7.7381
    0.0000    7.5000  -22.500013373.2236    7.7374
    7.5000    7.5000  -22.500012660.7393    7.7233
   -7.5000   15.0000  -22.500012139.6895    8.0002
    0.0000   15.0000  -22.500012707.6113    7.9998
    7.5000   15.0000  -22.500012017.9551    7.9861
   -7.5000   22.5000  -22.500011447.1406    8.2915
    0.0000   22.5000  -22.500011983.3037    8.2913
    7.5000   22.5000  -22.500011336.4775    8.2787
   -7.5000   30.0000  -22.500010745.3730    8.4867
    0.0000   30.0000  -22.500011245.7490    8.4871
    7.5000   30.0000  -22.500010678.2461    8.4763
   -7.5000   37.5000  -22.500010426.7227    8.8119
    0.0000   37.5000  -22.500010916.9180    8.8108
    7.5000   37.5000  -22.500010413.4404    8.8007
   -7.5000   45.0000  -22.5000 9792.7646    8.9552
    0.0000   45.0000  -22.500010233.3652    8.9479
    7.5000   45.0000  -22.5000 9805.7910    8.9313
   -7.5000  -45.0000  -15.000012099.4961    8.0585
    0.0000  -45.0000  -15.000012625.7100    8.0603
    7.5000  -45.0000  -15.000012076.3545    8.0489
   -7.5000  -37.5000  -15.000012338.3389    8.1311
    0.0000  -37.5000  -15.000012877.4092    8.1317
    7.5000  -37.5000  -15.000012291.5186    8.1185
   -7.5000  -30.0000  -15.000012829.4678    7.9671
    0.0000  -30.0000  -15.000013392.4492    7.9716
    7.5000  -30.0000  -15.000012771.5293    7.9616
   -7.5000  -22.5000  -15.000013254.0059    7.8207
    0.0000  -22.5000  -15.000013808.6689    7.8285
    7.5000  -22.5000  -15.000013186.9795    7.8222
   -7.5000  -15.0000  -15.000013671.3037    7.7399
    0.0000  -15.0000  -15.000014226.3604    7.7482
    7.5000  -15.0000  -15.000013589.4287    7.7427
   -7.5000   -7.5000  -15.000014039.2969    7.6820
    0.0000   -7.5000  -15.000014631.3184    7.6874
    7.5000   -7.5000  -15.000013948.9668    7.6792
   -7.5000    0.0000  -15.000014387.9385    7.6681
    0.0000    0.0000  -15.000015049.6758    7.6706
    7.5000    0.0000  -15.000014277.0771    7.6597
   -7.5000    7.5000  -15.000013755.6367    7.8453
    0.0000    7.5000  -15.000014408.8096    7.8467
    7.5000    7.5000  -15.000013608.2871    7.8342
   -7.5000   15.0000  -15.000013045.3506    8.1099
    0.0000   15.0000  -15.000013703.3750    8.1131
    7.5000   15.0000  -15.000012922.8760    8.1019
   -7.5000   22.5000  -15.000012279.8447    8.4077
    0.0000   22.5000  -15.000012897.9219    8.4107
    7.5000   22.5000  -15.000012184.1680    8.4008
   -7.5000   30.0000  -15.000011508.2715    8.6121
    0.0000   30.0000  -15.000012077.2754    8.6143
    7.5000   30.0000  -15.000011463.2910    8.6054
   -7.5000   37.5000  -15.000011140.0166    8.9483
    0.0000   37.5000  -15.000011704.1729    8.9479
    7.5000   37.5000  -15.000011169.5986    8.9385
   -7.5000   45.0000  -15.000010456.2813    9.1005
    0.0000   45.0000  -15.000010929.4453    9.0952
    7.5000   45.0000  -15.000010488.3643    9.0798
   -7.5000  -45.0000   -7.500012945.4004    8.1217
    0.0000  -45.0000   -7.500013513.4121    8.1234
    7.5000  -45.0000   -7.500012940.9180    8.1133
   -7.5000  -37.5000   -7.500013199.3574    8.1924
    0.0000  -37.5000   -7.500013808.2832    8.1939
    7.5000  -37.5000   -7.500013172.4434    8.1836
   -7.5000  -30.0000   -7.500013714.6318    8.0249
    0.0000  -30.0000   -7.500014361.1572    8.0291
    7.5000  -30.0000   -7.500013671.1006    8.0219
   -7.5000  -22.5000   -7.500014166.3809    7.8779
    0.0000  -22.5000   -7.500014801.9863    7.8846
    7.5000  -22.5000   -7.500014108.6035    7.8794
   -7.5000  -15.0000   -7.500014619.6963    7.7988
    0.0000  -15.0000   -7.500015223.7813    7.8052
    7.5000  -15.0000   -7.500014518.9678    7.7993
   -7.5000   -7.5000   -7.500015021.1123    7.7422
    0.0000   -7.5000   -7.500015659.2578    7.7462
    7.5000   -7.5000   -7.500014893.6387    7.7375
   -7.5000    0.0000   -7.500015392.4424    7.7275
    0.0000    0.0000   -7.500016101.8877    7.7297
    7.5000    0.0000   -7.500015241.6074    7.7198
   -7.5000    7.5000   -7.500014799.0547    7.9038
    0.0000    7.5000   -7.500015531.5449    7.9058
    7.5000    7.5000   -7.500014621.9854    7.8957
   -7.5000   15.0000   -7.500014061.6094    8.1694
    0.0000   15.0000   -7.500014859.7539    8.1728
    7.5000   15.0000   -7.500013944.2373    8.1642
   -7.5000   22.5000   -7.500013202.3760    8.4698
    0.0000   22.5000   -7.500013939.2520    8.4720
    7.5000   22.5000   -7.500013146.5264    8.4636
   -7.5000   30.0000   -7.500012313.2959    8.6819
    0.0000   30.0000   -7.500012978.0029    8.6825
    7.5000   30.0000   -7.500012332.6563    8.6724
   -7.5000   37.5000   -7.500011893.5400    9.0248
    0.0000   37.5000   -7.500012522.2988    9.0238
    7.5000   37.5000   -7.500011953.5576    9.0127
   -7.5000   45.0000   -7.500011146.0186    9.1783
    0.0000   45.0000   -7.500011688.4111    9.1749
    7.5000   45.0000   -7.500011188.6719    9.1616
   -7.5000  -45.0000    0.000013759.1602    8.1376
    0.0000  -45.0000    0.000014382.3584    8.1382
    7.5000  -45.0000    0.000013772.7754    8.1289
   -7.5000  -37.5000    0.000014014.9697    8.2091
    0.0000  -37.5000    0.000014658.6650    8.2095
    7.5000  -37.5000    0.000013998.1357    8.2005
   -7.5000  -30.0000    0.000014557.3389    8.0423
    0.0000  -30.0000    0.000015247.3535    8.0441
    7.5000  -30.0000    0.000014527.3945    8.0363
   -7.5000  -22.5000    0.000015024.3535    7.8956
    0.0000  -22.5000    0.000015737.1465    7.8988
    7.5000  -22.5000    0.000014988.2813    7.8914
   -7.5000  -15.0000    0.000015496.8730    7.8166
    0.0000  -15.0000    0.000016229.2148    7.8198
    7.5000  -15.0000    0.000015449.9463    7.8109
   -7.5000   -7.5000    0.000015895.8828    7.7591
    0.0000   -7.5000    0.000016679.8184    7.7612
    7.5000   -7.5000    0.000015828.4795    7.7512
   -7.5000    0.0000    0.000016283.9307    7.7429
    0.0000    0.0000    0.000017142.9336    7.7440
    7.5000    0.0000    0.000016169.9521    7.7347
   -7.5000    7.5000    0.000015682.2969    7.9194
    0.0000    7.5000    0.000016662.5527    7.9203
    7.5000    7.5000    0.000015547.7207    7.9113
   -7.5000   15.0000    0.000015031.4941    8.1873
    0.0000   15.0000    0.000016150.8652    8.1882
    7.5000   15.0000    0.000015001.9141    8.1794
   -7.5000   22.5000    0.000014098.8975    8.4893
    0.0000   22.5000    0.000015108.9014    8.4885
    7.5000   22.5000    0.000014152.9395    8.4785
   -7.5000   30.0000    0.000013103.3086    8.7055
    0.0000   30.0000    0.000013947.0967    8.7033
    7.5000   30.0000    0.000013178.1787    8.6901
   -7.5000   37.5000    0.000012666.4551    9.0508
    0.0000   37.5000    0.000013420.4766    9.0488
    7.5000   37.5000    0.000012699.0264    9.0355
   -7.5000   45.0000    0.000011870.1377    9.2037
    0.0000   45.0000    0.000012559.9590    9.2007
    7.5000   45.0000    0.000011887.0313    9.1880
   -7.5000  -45.0000    7.500013589.0146    8.1484
    0.0000  -45.0000    7.500014229.3750    8.1485
    7.5000  -45.0000    7.500013594.6543    8.1388
   -7.5000  -37.5000    7.500013780.3125    8.2228
    0.0000  -37.5000    7.500014470.2822    8.2216
    7.5000  -37.5000    7.500013802.8066    8.2107
   -7.5000  -30.0000    7.500014268.9600    8.0590
    0.0000  -30.0000    7.500015008.1182    8.0585
    7.5000  -30.0000    7.500014306.0127    8.0473
   -7.5000  -22.5000    7.500014724.1973    7.9117
    0.0000  -22.5000    7.500015509.6816    7.9126
    7.5000  -22.5000    7.500014781.7676    7.9018
   -7.5000  -15.0000    7.500015209.1563    7.8301
    0.0000  -15.0000    7.500016048.7441    7.8321
    7.5000  -15.0000    7.500015265.8701    7.8211
   -7.5000   -7.5000    7.500015612.2510    7.7703
    0.0000   -7.5000    7.500016486.0879    7.7722
    7.5000   -7.5000    7.500015632.8223    7.7616
   -7.5000    0.0000    7.500015981.5410    7.7541
    0.0000    0.0000    7.500016962.0039    7.7549
    7.5000    0.0000    7.500015964.9531    7.7452
   -7.5000    7.5000    7.500015415.2021    7.9328
    0.0000    7.5000    7.500016616.2344    7.9325
    7.5000    7.5000    7.500015457.6895    7.9216
   -7.5000   15.0000    7.500014908.5049    8.2034
    0.0000   15.0000    7.500016360.2695    8.2016
    7.5000   15.0000    7.500015068.6533    8.1898
   -7.5000   22.5000    7.500014121.5088    8.5050
    0.0000   22.5000    7.500015412.3506    8.5019
    7.5000   22.5000    7.500014271.1348    8.4890
   -7.5000   30.0000    7.500013108.9160    8.7185
    0.0000   30.0000    7.500014067.9834    8.7155
    7.5000   30.0000    7.500013114.7637    8.7008
   -7.5000   37.5000    7.500012609.7275    9.0617
    0.0000   37.5000    7.500013436.5342    9.0598
    7.5000   37.5000    7.500012571.0469    9.0463
   -7.5000   45.0000    7.500011738.2793    9.2160
    0.0000   45.0000    7.500012475.7529    9.2118
    7.5000   45.0000    7.500011731.7178    9.1976
   -7.5000  -45.0000   15.000013189.1670    8.1627
    0.0000  -45.0000   15.000013866.8154    8.1632
    7.5000  -45.0000   15.000013290.9072    8.1520
   -7.5000  -37.5000   15.000013400.4697    8.2388
    0.0000  -37.5000   15.000014096.8525    8.2373
    7.5000  -37.5000   15.000013517.4463    8.2234
   -7.5000  -30.0000   15.000013886.2656    8.0770
    0.0000  -30.0000   15.000014623.9697    8.0771
    7.5000  -30.0000   15.000014027.1699    8.0632
   -7.5000  -22.5000   15.000014367.6563    7.9290
    0.0000  -22.5000   15.000015135.2324    7.9312
    7.5000  -22.5000   15.000014503.1885    7.9191
   -7.5000  -15.0000   15.000014859.2969    7.8450
    0.0000  -15.0000   15.000015686.4072    7.8487
    7.5000  -15.0000   15.000014966.2148    7.8380
   -7.5000   -7.5000   15.000015282.1621    7.7836
    0.0000   -7.5000   15.000016231.3945    7.7868
    7.5000   -7.5000   15.000015334.3555    7.7765
   -7.5000    0.0000   15.000015668.6396    7.7683
    0.0000    0.0000   15.000016801.4453    7.7696
    7.5000    0.0000   15.000015700.9941    7.7587
   -7.5000    7.5000   15.000015102.1670    7.9487
    0.0000    7.5000   15.000016475.2363    7.9482
    7.5000    7.5000   15.000015231.0010    7.9348
   -7.5000   15.0000   15.000014618.4395    8.2196
    0.0000   15.0000   15.000016126.5166    8.2178
    7.5000   15.0000   15.000014795.7236    8.2036
   -7.5000   22.5000   15.000013874.4600    8.5194
    0.0000   22.5000   15.000015161.1270    8.5171
    7.5000   22.5000   15.000013909.7803    8.5029
   -7.5000   30.0000   15.000012888.0889    8.7276
    0.0000   30.0000   15.000013897.5879    8.7261
    7.5000   30.0000   15.000012829.8516    8.7124
   -7.5000   37.5000   15.000012311.1748    9.0667
    0.0000   37.5000   15.000013232.2842    9.0657
    7.5000   37.5000   15.000012322.7510    9.0536
   -7.5000   45.0000   15.000011395.5605    9.2234
    0.0000   45.0000   15.000012175.3447    9.2174
    7.5000   45.0000   15.000011440.3535    9.2010
   -7.5000  -45.0000   22.500012762.4951    8.1778
    0.0000  -45.0000   22.500013385.4307    8.1787
    7.5000  -45.0000   22.500012890.7920    8.1666
   -7.5000  -37.5000   22.500012997.7363    8.2525
    0.0000  -37.5000   22.500013658.9150    8.2515
    7.5000  -37.5000   22.500013122.8955    8.2364
   -7.5000  -30.0000   22.500013511.6914    8.0899
    0.0000  -30.0000   22.500014233.0254    8.0921
    7.5000  -30.0000   22.500013631.7979    8.0789
   -7.5000  -22.5000   22.500014016.7744    7.9415
    0.0000  -22.5000   22.500014796.4746    7.9470
    7.5000  -22.5000   22.500014105.5986    7.9371
   -7.5000  -15.0000   22.500014524.8193    7.8575
    0.0000  -15.0000   22.500015386.4453    7.8643
    7.5000  -15.0000   22.500014567.3252    7.8562
   -7.5000   -7.5000   22.500014913.9873    7.7968
    0.0000   -7.5000   22.500015896.5576    7.8015
    7.5000   -7.5000   22.500014920.7686    7.7923
   -7.5000    0.0000   22.500015229.7559    7.7824
    0.0000    0.0000   22.500016336.0000    7.7842
    7.5000    0.0000   22.500015269.8271    7.7726
   -7.5000    7.5000   22.500014585.9531    7.9625
    0.0000    7.5000   22.500015745.0527    7.9626
    7.5000    7.5000   22.500014739.4043    7.9482
   -7.5000   15.0000   22.500013958.0039    8.2311
    0.0000   15.0000   22.500015100.2598    8.2316
    7.5000   15.0000   22.500014154.1865    8.2177
   -7.5000   22.5000   22.500013137.7168    8.5293
    0.0000   22.5000   22.500014063.5195    8.5300
    7.5000   22.5000   22.500013233.8271    8.5171
   -7.5000   30.0000   22.500012208.4668    8.7336
    0.0000   30.0000   22.500013017.0859    8.7347
    7.5000   30.0000   22.500012292.6602    8.7237
   -7.5000   37.5000   22.500011760.4531    9.0709
    0.0000   37.5000   22.500012579.7588    9.0704
    7.5000   37.5000   22.500011925.7813    9.0601
   -7.5000   45.0000   22.500010921.9727    9.2284
    0.0000   45.0000   22.500011649.9141    9.2216
    7.5000   45.0000   22.500011072.1953    9.2045
   -7.5000  -45.0000   30.000012300.5752    8.1887
    0.0000  -45.0000   30.000012902.5195    8.1902
    7.5000  -45.0000   30.000012357.2148    8.1786
   -7.5000  -37.5000   30.000012524.1035    8.2598
    0.0000  -37.5000   30.000013183.3145    8.2601
    7.5000  -37.5000   30.000012564.1025    8.2468
   -7.5000  -30.0000   30.000013025.6807    8.0941
    0.0000  -30.0000   30.000013716.1250    8.0982
    7.5000  -30.0000   30.000013035.5439    8.0882
   -7.5000  -22.5000   30.000013468.3184    7.9459
    0.0000  -22.5000   30.000014194.5391    7.9534
    7.5000  -22.5000   30.000013482.8428    7.9471
   -7.5000  -15.0000   30.000013846.6387    7.8643
    0.0000  -15.0000   30.000014639.0205    7.8723
    7.5000  -15.0000   30.000013859.6377    7.8669
   -7.5000   -7.5000   30.000014111.8984    7.8061
    0.0000   -7.5000   30.000014962.5303    7.8112
    7.5000   -7.5000   30.000014134.5352    7.8030
   -7.5000    0.0000   30.000014331.2764    7.7921
    0.0000    0.0000   30.000015228.7500    7.7942
    7.5000    0.0000   30.000014400.1240    7.7833
   -7.5000    7.5000   30.000013696.2695    7.9698
    0.0000    7.5000   30.000014602.3887    7.9709
    7.5000    7.5000   30.000013836.4336    7.9582
   -7.5000   15.0000   30.000013058.1953    8.2347
    0.0000   15.0000   30.000013929.0205    8.2376
    7.5000   15.0000   30.000013186.0908    8.2263
   -7.5000   22.5000   30.000012242.5186    8.5319
    0.0000   22.5000   30.000012994.7725    8.5346
    7.5000   22.5000   30.000012315.0645    8.5246
   -7.5000   30.0000   30.000011377.8047    8.7367
    0.0000   30.0000   30.000012067.9854    8.7387
    7.5000   30.0000   30.000011457.6660    8.7298
   -7.5000   37.5000   30.000010983.4805    9.0759
    0.0000   37.5000   30.000011673.6719    9.0754
    7.5000   37.5000   30.000011101.1113    9.0658
   -7.5000   45.0000   30.000010228.3848    9.2322
    0.0000   45.0000   30.000010861.8184    9.2266
    7.5000   45.0000   30.000010355.4414    9.2109
   -7.5000  -45.0000   37.500012115.0430    8.2470
    0.0000  -45.0000   37.500012687.9131    8.2476
    7.5000  -45.0000   37.500012111.5811    8.2375
   -7.5000  -37.5000   37.500012285.1807    8.3155
    0.0000  -37.5000   37.500012889.1455    8.3160
    7.5000  -37.5000   37.500012288.7715    8.3058
   -7.5000  -30.0000   37.500012728.7383    8.1458
    0.0000  -30.0000   37.500013345.5586    8.1491
    7.5000  -30.0000   37.500012723.2998    8.1421
   -7.5000  -22.5000   37.500013109.3818    7.9970
    0.0000  -22.5000   37.500013731.2607    8.0028
    7.5000  -22.5000   37.500013105.4199    7.9979
   -7.5000  -15.0000   37.500013430.5059    7.9176
    0.0000  -15.0000   37.500014088.6455    7.9231
    7.5000  -15.0000   37.500013441.6494    7.9173
   -7.5000   -7.5000   37.500013677.9746    7.8606
    0.0000   -7.5000   37.500014353.0068    7.8636
    7.5000   -7.5000   37.500013710.6680    7.8550
   -7.5000    0.0000   37.500013904.2646    7.8452
    0.0000    0.0000   37.500014621.9795    7.8464
    7.5000    0.0000   37.500013965.0547    7.8365
   -7.5000    7.5000   37.500013249.6221    8.0217
    0.0000    7.5000   37.500013995.0371    8.0229
    7.5000    7.5000   37.500013365.4004    8.0128
   -7.5000   15.0000   37.500012594.5078    8.2871
    0.0000   15.0000   37.500013315.4883    8.2896
    7.5000   15.0000   37.500012673.4502    8.2811
   -7.5000   22.5000   37.500011815.9893    8.5873
    0.0000   22.5000   37.500012442.4541    8.5888
    7.5000   22.5000   37.500011844.0488    8.5804
   -7.5000   30.0000   37.500010990.1543    8.7997
    0.0000   30.0000   37.500011582.6387    8.7994
    7.5000   30.0000   37.500011043.9385    8.7893
   -7.5000   37.5000   37.500010605.7852    9.1467
    0.0000   37.5000   37.500011209.4355    9.1449
    7.5000   37.5000   37.500010685.7510    9.1336
   -7.5000   45.0000   37.5000 9870.5801    9.3040
    0.0000   45.0000   37.500010435.4746    9.2998
    7.5000   45.0000   37.5000 9960.1992    9.2862
   -7.5000  -45.0000   45.000011208.8945    8.2949
    0.0000  -45.0000   45.000011701.9092    8.2943
    7.5000  -45.0000   45.000011207.6836    8.2853
   -7.5000  -37.5000   45.000011361.9121    8.3633
    0.0000  -37.5000   45.000011855.2100    8.3626
    7.5000  -37.5000   45.000011382.8535    8.3540
   -7.5000  -30.0000   45.000011763.5215    8.1927
    0.0000  -30.0000   45.000012238.5898    8.1934
    7.5000  -30.0000   45.000011770.1777    8.1862
   -7.5000  -22.5000   45.000012081.8398    8.0431
    0.0000  -22.5000   45.000012557.4639    8.0452
    7.5000  -22.5000   45.000012082.2939    8.0383
   -7.5000  -15.0000   45.000012364.2129    7.9636
    0.0000  -15.0000   45.000012866.2852    7.9656
    7.5000  -15.0000   45.000012355.7012    7.9571
   -7.5000   -7.5000   45.000012605.8896    7.9053
    0.0000   -7.5000   45.000013156.1523    7.9062
    7.5000   -7.5000   45.000012617.0527    7.8964
   -7.5000    0.0000   45.000012797.9209    7.8878
    0.0000    0.0000   45.000013400.9063    7.8878
    7.5000    0.0000   45.000012824.0273    7.8787
   -7.5000    7.5000   45.000012178.8223    8.0651
    0.0000    7.5000   45.000012774.5107    8.0650
    7.5000    7.5000   45.000012216.9219    8.0563
   -7.5000   15.0000   45.000011531.6992    8.3341
    0.0000   15.0000   45.000012099.2744    8.3340
    7.5000   15.0000   45.000011545.6250    8.3257
   -7.5000   22.5000   45.000010804.1641    8.6384
    0.0000   22.5000   45.000011325.8301    8.6366
    7.5000   22.5000   45.000010797.4268    8.6269
   -7.5000   30.0000   45.000010072.1230    8.8568
    0.0000   30.0000   45.000010564.1631    8.8536
    7.5000   30.0000   45.000010096.6064    8.8404
   -7.5000   37.5000   45.0000 9724.1475    9.2104
    0.0000   37.5000   45.000010226.2813    9.2076
    7.5000   37.5000   45.0000 9773.5332    9.1942
   -7.5000   45.0000   45.0000 9050.4814    9.3758
    0.0000   45.0000   45.0000 9540.2715    9.3720
    7.5000   45.0000   45.0000 9115.8389    9.3591

---------------------------------------------------------------------
imgreg_4dfp /usr/local/freesurfer/average/711-2C_as_mni_average_305 /usr/local/freesurfer/average/711-2B_as_mni_average_305_mask talsrcimg_g11 none talsrcimg_to_711-2C_as_mni_average_305_t4 4355
---------------------------------------------------------------------

$Id: imgreg_4dfp.c,v 1.4 2010/02/27 01:41:53 nicks Exp $
/usr/local/freesurfer/average/711-2C_as_mni_average_305.4dfp.img
       256       256       256         1
  1.000000  1.000000  1.000000
orientation T byte_order littleendian
Reading image: /usr/local/freesurfer/average/711-2C_as_mni_average_305.4dfp.img
dimensions:      256       256       256
mmppix:       1.0000   -1.0000   -1.0000
center:     128.0000 -129.0000 -129.0000
/usr/local/freesurfer/average/711-2B_as_mni_average_305_mask.4dfp.img
       256       256       256         1
  1.000000  1.000000  1.000000
orientation T byte_order littleendian
Reading mask: /usr/local/freesurfer/average/711-2B_as_mni_average_305_mask.4dfp.img (2306576 pixels)
talsrcimg_g11.4dfp.img
       256       256       256         1
  1.000000  1.000000  1.000000
orientation T byte_order littleendian
Reading image: talsrcimg_g11.4dfp.img
dimensions:      256       256       256
mmppix:       1.0000   -1.0000   -1.0000
center:     128.0000 -129.0000 -129.0000
rotation matrix determinant  1.000000
image alignment mode   4355 decimal     1103 hex
   -7.5000  -45.0000  -45.0000 2217.6523   13.0942
    0.0000  -45.0000  -45.0000 2220.9385   13.0589
    7.5000  -45.0000  -45.0000 2216.1907   13.1282
   -7.5000  -37.5000  -45.0000 2223.7810   13.0217
    0.0000  -37.5000  -45.0000 2232.7927   13.0224
    7.5000  -37.5000  -45.0000 2226.2688   13.0869
   -7.5000  -30.0000  -45.0000 2239.6038   13.0152
    0.0000  -30.0000  -45.0000 2251.6052   12.9943
    7.5000  -30.0000  -45.0000 2242.7263   13.0707
   -7.5000  -22.5000  -45.0000 2264.2380   13.0317
    0.0000  -22.5000  -45.0000 2271.8792   13.0439
    7.5000  -22.5000  -45.0000 2264.4556   13.1142
   -7.5000  -15.0000  -45.0000 2280.1736   13.1097
    0.0000  -15.0000  -45.0000 2288.7322   13.1147
    7.5000  -15.0000  -45.0000 2283.2566   13.1608
   -7.5000   -7.5000  -45.0000 2298.7310   13.1679
    0.0000   -7.5000  -45.0000 2309.8406   13.1162
    7.5000   -7.5000  -45.0000 2299.3508   13.1984
   -7.5000    0.0000  -45.0000 2312.5735   13.2278
    0.0000    0.0000  -45.0000 2327.6079   13.1312
    7.5000    0.0000  -45.0000 2308.7732   13.2483
   -7.5000    7.5000  -45.0000 2319.5457   13.2742
    0.0000    7.5000  -45.0000 2336.1069   13.2172
    7.5000    7.5000  -45.0000 2316.0959   13.3036
   -7.5000   15.0000  -45.0000 2317.1899   13.3366
    0.0000   15.0000  -45.0000 2335.2405   13.2676
    7.5000   15.0000  -45.0000 2316.6665   13.3469
   -7.5000   22.5000  -45.0000 2313.3611   13.5545
    0.0000   22.5000  -45.0000 2334.1045   13.4818
    7.5000   22.5000  -45.0000 2318.4617   13.5325
   -7.5000   30.0000  -45.0000 2295.5522   13.9567
    0.0000   30.0000  -45.0000 2324.8115   13.8989
    7.5000   30.0000  -45.0000 2308.9336   13.9507
   -7.5000   37.5000  -45.0000 2261.5923   14.5194
    0.0000   37.5000  -45.0000 2289.2866   14.4510
    7.5000   37.5000  -45.0000 2274.7642   14.5152
   -7.5000   45.0000  -45.0000 2213.3101   15.2323
    0.0000   45.0000  -45.0000 2241.9502   15.1546
    7.5000   45.0000  -45.0000 2220.2646   15.2383
   -7.5000  -45.0000  -37.5000 2302.8069   12.0291
    0.0000  -45.0000  -37.5000 2309.0107   12.0134
    7.5000  -45.0000  -37.5000 2306.2236   12.0521
   -7.5000  -37.5000  -37.5000 2318.1240   11.9718
    0.0000  -37.5000  -37.5000 2331.3022   11.9668
    7.5000  -37.5000  -37.5000 2324.7205   12.0059
   -7.5000  -30.0000  -37.5000 2341.9956   11.9779
    0.0000  -30.0000  -37.5000 2352.6262   11.9544
    7.5000  -30.0000  -37.5000 2346.0808   12.0064
   -7.5000  -22.5000  -37.5000 2359.0420   12.0192
    0.0000  -22.5000  -37.5000 2371.5349   11.9821
    7.5000  -22.5000  -37.5000 2364.9377   12.0354
   -7.5000  -15.0000  -37.5000 2381.2412   12.0709
    0.0000  -15.0000  -37.5000 2393.9497   12.0070
    7.5000  -15.0000  -37.5000 2380.0405   12.0730
   -7.5000   -7.5000  -37.5000 2407.0286   12.1156
    0.0000   -7.5000  -37.5000 2419.9321   12.0254
    7.5000   -7.5000  -37.5000 2399.0630   12.1173
   -7.5000    0.0000  -37.5000 2417.2686   12.1820
    0.0000    0.0000  -37.5000 2436.0408   12.0611
    7.5000    0.0000  -37.5000 2412.7046   12.1847
   -7.5000    7.5000  -37.5000 2418.0759   12.2190
    0.0000    7.5000  -37.5000 2436.1133   12.1050
    7.5000    7.5000  -37.5000 2414.1299   12.2458
   -7.5000   15.0000  -37.5000 2416.4055   12.3000
    0.0000   15.0000  -37.5000 2432.7493   12.1597
    7.5000   15.0000  -37.5000 2418.0469   12.2834
   -7.5000   22.5000  -37.5000 2413.9651   12.4838
    0.0000   22.5000  -37.5000 2434.2285   12.3420
    7.5000   22.5000  -37.5000 2416.2966   12.4474
   -7.5000   30.0000  -37.5000 2397.5508   12.8816
    0.0000   30.0000  -37.5000 2419.0427   12.7318
    7.5000   30.0000  -37.5000 2407.1919   12.8634
   -7.5000   37.5000  -37.5000 2363.0647   13.3911
    0.0000   37.5000  -37.5000 2391.4148   13.2437
    7.5000   37.5000  -37.5000 2371.6843   13.3603
   -7.5000   45.0000  -37.5000 2312.7271   14.0577
    0.0000   45.0000  -37.5000 2342.5803   13.9471
    7.5000   45.0000  -37.5000 2317.6951   14.0279
   -7.5000  -45.0000  -30.0000 2440.6416   11.4295
    0.0000  -45.0000  -30.0000 2448.6577   11.3800
    7.5000  -45.0000  -30.0000 2435.5549   11.4419
   -7.5000  -37.5000  -30.0000 2459.3181   11.3857
    0.0000  -37.5000  -30.0000 2470.4150   11.3155
    7.5000  -37.5000  -30.0000 2457.5303   11.3950
   -7.5000  -30.0000  -30.0000 2481.8274   11.3652
    0.0000  -30.0000  -30.0000 2496.7898   11.3021
    7.5000  -30.0000  -30.0000 2481.5129   11.3847
   -7.5000  -22.5000  -30.0000 2504.6257   11.4212
    0.0000  -22.5000  -30.0000 2516.5583   11.3497
    7.5000  -22.5000  -30.0000 2502.9365   11.3993
   -7.5000  -15.0000  -30.0000 2533.9758   11.4901
    0.0000  -15.0000  -30.0000 2546.5447   11.3855
    7.5000  -15.0000  -30.0000 2525.9355   11.4311
   -7.5000   -7.5000  -30.0000 2557.7673   11.5867
    0.0000   -7.5000  -30.0000 2565.8501   11.4372
    7.5000   -7.5000  -30.0000 2548.2380   11.4882
   -7.5000    0.0000  -30.0000 2564.5974   11.6727
    0.0000    0.0000  -30.0000 2575.6968   11.5077
    7.5000    0.0000  -30.0000 2557.6248   11.5814
   -7.5000    7.5000  -30.0000 2569.6931   11.7295
    0.0000    7.5000  -30.0000 2582.8528   11.5541
    7.5000    7.5000  -30.0000 2561.6902   11.6707
   -7.5000   15.0000  -30.0000 2565.4736   11.8104
    0.0000   15.0000  -30.0000 2579.8093   11.6465
    7.5000   15.0000  -30.0000 2562.4126   11.7563
   -7.5000   22.5000  -30.0000 2555.7148   11.9517
    0.0000   22.5000  -30.0000 2573.6458   11.8166
    7.5000   22.5000  -30.0000 2554.7712   11.9365
   -7.5000   30.0000  -30.0000 2544.6934   12.3023
    0.0000   30.0000  -30.0000 2558.9170   12.1359
    7.5000   30.0000  -30.0000 2546.0447   12.2732
   -7.5000   37.5000  -30.0000 2513.0188   12.7491
    0.0000   37.5000  -30.0000 2535.4258   12.5885
    7.5000   37.5000  -30.0000 2519.4351   12.7220
   -7.5000   45.0000  -30.0000 2456.6321   13.3817
    0.0000   45.0000  -30.0000 2484.3928   13.2354
    7.5000   45.0000  -30.0000 2467.2437   13.3445
   -7.5000  -45.0000  -22.5000 2551.2837   10.8151
    0.0000  -45.0000  -22.5000 2565.9888   10.7348
    7.5000  -45.0000  -22.5000 2549.1370   10.8240
   -7.5000  -37.5000  -22.5000 2577.1196   10.7796
    0.0000  -37.5000  -22.5000 2590.0264   10.6821
    7.5000  -37.5000  -22.5000 2572.0322   10.7906
   -7.5000  -30.0000  -22.5000 2602.5525   10.7716
    0.0000  -30.0000  -22.5000 2616.6892   10.6735
    7.5000  -30.0000  -22.5000 2597.4465   10.8008
   -7.5000  -22.5000  -22.5000 2627.9595   10.7961
    0.0000  -22.5000  -22.5000 2637.8467   10.6932
    7.5000  -22.5000  -22.5000 2622.0422   10.7997
   -7.5000  -15.0000  -22.5000 2653.2026   10.8391
    0.0000  -15.0000  -22.5000 2658.5701   10.7315
    7.5000  -15.0000  -22.5000 2641.4624   10.8005
   -7.5000   -7.5000  -22.5000 2674.5325   10.9057
    0.0000   -7.5000  -22.5000 2677.7068   10.8043
    7.5000   -7.5000  -22.5000 2661.5950   10.8588
   -7.5000    0.0000  -22.5000 2686.8789   11.0009
    0.0000    0.0000  -22.5000 2693.3396   10.8701
    7.5000    0.0000  -22.5000 2679.1240   10.9137
   -7.5000    7.5000  -22.5000 2689.7625   11.0925
    0.0000    7.5000  -22.5000 2699.0908   10.9520
    7.5000    7.5000  -22.5000 2686.9995   11.0165
   -7.5000   15.0000  -22.5000 2683.8391   11.1946
    0.0000   15.0000  -22.5000 2701.3057   11.0548
    7.5000   15.0000  -22.5000 2683.5117   11.1340
   -7.5000   22.5000  -22.5000 2677.6643   11.3171
    0.0000   22.5000  -22.5000 2697.2734   11.2021
    7.5000   22.5000  -22.5000 2677.1111   11.3208
   -7.5000   30.0000  -22.5000 2671.5417   11.6287
    0.0000   30.0000  -22.5000 2683.9187   11.4715
    7.5000   30.0000  -22.5000 2671.7261   11.6234
   -7.5000   37.5000  -22.5000 2639.8076   12.0625
    0.0000   37.5000  -22.5000 2660.7446   11.8867
    7.5000   37.5000  -22.5000 2640.7146   12.0470
   -7.5000   45.0000  -22.5000 2579.1638   12.6339
    0.0000   45.0000  -22.5000 2605.2051   12.4847
    7.5000   45.0000  -22.5000 2591.0007   12.6341
   -7.5000  -45.0000  -15.0000 2629.5002   10.2754
    0.0000  -45.0000  -15.0000 2652.7295   10.1781
    7.5000  -45.0000  -15.0000 2633.9429   10.2857
   -7.5000  -37.5000  -15.0000 2657.2405   10.2287
    0.0000  -37.5000  -15.0000 2674.2832   10.1292
    7.5000  -37.5000  -15.0000 2655.2351   10.2586
   -7.5000  -30.0000  -15.0000 2683.3074   10.2111
    0.0000  -30.0000  -15.0000 2697.8689   10.1074
    7.5000  -30.0000  -15.0000 2677.1389   10.2442
   -7.5000  -22.5000  -15.0000 2705.8779   10.2110
    0.0000  -22.5000  -15.0000 2716.4346   10.1200
    7.5000  -22.5000  -15.0000 2698.2686   10.2294
   -7.5000  -15.0000  -15.0000 2724.4949   10.2120
    0.0000  -15.0000  -15.0000 2730.5037   10.1439
    7.5000  -15.0000  -15.0000 2719.7046   10.2190
   -7.5000   -7.5000  -15.0000 2741.2891   10.2549
    0.0000   -7.5000  -15.0000 2749.2959   10.1855
    7.5000   -7.5000  -15.0000 2741.9485   10.2437
   -7.5000    0.0000  -15.0000 2754.5737   10.3113
    0.0000    0.0000  -15.0000 2771.2031   10.2427
    7.5000    0.0000  -15.0000 2761.5078   10.3121
   -7.5000    7.5000  -15.0000 2763.4998   10.4705
    0.0000    7.5000  -15.0000 2783.9102   10.3662
    7.5000    7.5000  -15.0000 2769.0432   10.4223
   -7.5000   15.0000  -15.0000 2769.7703   10.6092
    0.0000   15.0000  -15.0000 2796.4858   10.4976
    7.5000   15.0000  -15.0000 2771.5210   10.5644
   -7.5000   22.5000  -15.0000 2768.1680   10.7370
    0.0000   22.5000  -15.0000 2791.6790   10.6209
    7.5000   22.5000  -15.0000 2770.1145   10.7606
   -7.5000   30.0000  -15.0000 2758.1675   11.0208
    0.0000   30.0000  -15.0000 2778.0898   10.8823
    7.5000   30.0000  -15.0000 2765.5286   11.0705
   -7.5000   37.5000  -15.0000 2723.2026   11.4268
    0.0000   37.5000  -15.0000 2748.3008   11.2830
    7.5000   37.5000  -15.0000 2737.2109   11.4635
   -7.5000   45.0000  -15.0000 2667.2546   11.9667
    0.0000   45.0000  -15.0000 2690.2476   11.8237
    7.5000   45.0000  -15.0000 2682.1338   11.9827
   -7.5000  -45.0000   -7.5000 2687.5391    9.7830
    0.0000  -45.0000   -7.5000 2707.1577    9.6927
    7.5000  -45.0000   -7.5000 2692.8286    9.7962
   -7.5000  -37.5000   -7.5000 2704.6882    9.7182
    0.0000  -37.5000   -7.5000 2724.2163    9.6377
    7.5000  -37.5000   -7.5000 2707.5339    9.7514
   -7.5000  -30.0000   -7.5000 2724.1638    9.6803
    0.0000  -30.0000   -7.5000 2742.5566    9.5924
    7.5000  -30.0000   -7.5000 2724.2876    9.7104
   -7.5000  -22.5000   -7.5000 2744.8635    9.6353
    0.0000  -22.5000   -7.5000 2760.9819    9.5775
    7.5000  -22.5000   -7.5000 2746.8635    9.6846
   -7.5000  -15.0000   -7.5000 2762.6995    9.6430
    0.0000  -15.0000   -7.5000 2777.0051    9.5844
    7.5000  -15.0000   -7.5000 2763.1924    9.6931
   -7.5000   -7.5000   -7.5000 2785.2114    9.6946
    0.0000   -7.5000   -7.5000 2798.7053    9.6460
    7.5000   -7.5000   -7.5000 2790.0093    9.7286
   -7.5000    0.0000   -7.5000 2802.9358    9.7758
    0.0000    0.0000   -7.5000 2822.5083    9.7225
    7.5000    0.0000   -7.5000 2811.9917    9.8074
   -7.5000    7.5000   -7.5000 2824.5061    9.9426
    0.0000    7.5000   -7.5000 2846.7349    9.8903
    7.5000    7.5000   -7.5000 2833.2969    9.9368
   -7.5000   15.0000   -7.5000 2834.6826   10.1334
    0.0000   15.0000   -7.5000 2859.9336   10.0816
    7.5000   15.0000   -7.5000 2840.3691   10.1447
   -7.5000   22.5000   -7.5000 2835.9194   10.2530
    0.0000   22.5000   -7.5000 2866.7693   10.1744
    7.5000   22.5000   -7.5000 2846.4487   10.3234
   -7.5000   30.0000   -7.5000 2818.3359   10.5107
    0.0000   30.0000   -7.5000 2848.3159   10.4014
    7.5000   30.0000   -7.5000 2837.0378   10.6291
   -7.5000   37.5000   -7.5000 2780.7703   10.9065
    0.0000   37.5000   -7.5000 2810.4189   10.7957
    7.5000   37.5000   -7.5000 2802.6672   11.0088
   -7.5000   45.0000   -7.5000 2723.6311   11.4664
    0.0000   45.0000   -7.5000 2747.3623   11.2890
    7.5000   45.0000   -7.5000 2741.0220   11.5093
   -7.5000  -45.0000    0.0000 2724.1494    9.3440
    0.0000  -45.0000    0.0000 2742.9861    9.2651
    7.5000  -45.0000    0.0000 2731.4541    9.3617
   -7.5000  -37.5000    0.0000 2732.3601    9.2877
    0.0000  -37.5000    0.0000 2750.7478    9.1955
    7.5000  -37.5000    0.0000 2737.8672    9.3264
   -7.5000  -30.0000    0.0000 2746.0325    9.2557
    0.0000  -30.0000    0.0000 2761.4634    9.1439
    7.5000  -30.0000    0.0000 2751.6111    9.2979
   -7.5000  -22.5000    0.0000 2767.3750    9.2241
    0.0000  -22.5000    0.0000 2782.6492    9.1252
    7.5000  -22.5000    0.0000 2772.9690    9.2773
   -7.5000  -15.0000    0.0000 2789.1851    9.2526
    0.0000  -15.0000    0.0000 2799.1770    9.1754
    7.5000  -15.0000    0.0000 2795.1016    9.2829
   -7.5000   -7.5000    0.0000 2817.0776    9.3244
    0.0000   -7.5000    0.0000 2832.4138    9.2773
    7.5000   -7.5000    0.0000 2826.7654    9.3433
   -7.5000    0.0000    0.0000 2841.8604    9.4346
    0.0000    0.0000    0.0000 2864.1199    9.4047
    7.5000    0.0000    0.0000 2854.5884    9.4322
   -7.5000    7.5000    0.0000 2863.4216    9.6223
    0.0000    7.5000    0.0000 2895.3342    9.6053
    7.5000    7.5000    0.0000 2878.6558    9.6057
   -7.5000   15.0000    0.0000 2879.8369    9.8663
    0.0000   15.0000    0.0000 2920.9802    9.9073
    7.5000   15.0000    0.0000 2894.9319    9.8750
   -7.5000   22.5000    0.0000 2877.7817    9.9978
    0.0000   22.5000    0.0000 2924.0996   10.0126
    7.5000   22.5000    0.0000 2893.0020   10.0898
   -7.5000   30.0000    0.0000 2852.6777   10.1764
    0.0000   30.0000    0.0000 2891.4084   10.1086
    7.5000   30.0000    0.0000 2872.8684   10.3066
   -7.5000   37.5000    0.0000 2821.8528   10.5816
    0.0000   37.5000    0.0000 2848.5632   10.4645
    7.5000   37.5000    0.0000 2834.2820   10.6606
   -7.5000   45.0000    0.0000 2761.8330   11.1590
    0.0000   45.0000    0.0000 2789.8508   10.9673
    7.5000   45.0000    0.0000 2774.8635   11.1304
   -7.5000  -45.0000    7.5000 2755.1184    8.9925
    0.0000  -45.0000    7.5000 2771.5632    8.9220
    7.5000  -45.0000    7.5000 2758.2712    9.0025
   -7.5000  -37.5000    7.5000 2757.9270    8.9403
    0.0000  -37.5000    7.5000 2773.2615    8.8706
    7.5000  -37.5000    7.5000 2767.3779    8.9628
   -7.5000  -30.0000    7.5000 2765.4036    8.9103
    0.0000  -30.0000    7.5000 2776.4253    8.8402
    7.5000  -30.0000    7.5000 2772.7363    8.9416
   -7.5000  -22.5000    7.5000 2784.2722    8.9276
    0.0000  -22.5000    7.5000 2792.3999    8.8469
    7.5000  -22.5000    7.5000 2789.7598    8.9475
   -7.5000  -15.0000    7.5000 2807.3569    8.9904
    0.0000  -15.0000    7.5000 2812.6931    8.9278
    7.5000  -15.0000    7.5000 2814.0522    9.0043
   -7.5000   -7.5000    7.5000 2840.4004    9.0851
    0.0000   -7.5000    7.5000 2851.4812    9.0451
    7.5000   -7.5000    7.5000 2846.8918    9.0928
   -7.5000    0.0000    7.5000 2869.7957    9.2364
    0.0000    0.0000    7.5000 2891.8877    9.2179
    7.5000    0.0000    7.5000 2881.6387    9.2143
   -7.5000    7.5000    7.5000 2897.3975    9.4750
    0.0000    7.5000    7.5000 2939.7998    9.5192
    7.5000    7.5000    7.5000 2920.5120    9.4660
   -7.5000   15.0000    7.5000 2921.0059    9.7889
    0.0000   15.0000    7.5000 2980.7532    9.9378
    7.5000   15.0000    7.5000 2946.4900    9.7848
   -7.5000   22.5000    7.5000 2917.8745    9.9805
    0.0000   22.5000    7.5000 2989.0151   10.1489
    7.5000   22.5000    7.5000 2937.6987   10.0004
   -7.5000   30.0000    7.5000 2884.6643   10.0961
    0.0000   30.0000    7.5000 2922.1062   10.0676
    7.5000   30.0000    7.5000 2892.2854   10.1115
   -7.5000   37.5000    7.5000 2838.4063   10.4246
    0.0000   37.5000    7.5000 2868.2537   10.2774
    7.5000   37.5000    7.5000 2846.9302   10.3440
   -7.5000   45.0000    7.5000 2771.3425   10.9889
    0.0000   45.0000    7.5000 2796.0151   10.7873
    7.5000   45.0000    7.5000 2781.5493   10.8546
   -7.5000  -45.0000   15.0000 2765.7266    8.7411
    0.0000  -45.0000   15.0000 2782.4773    8.6821
    7.5000  -45.0000   15.0000 2774.5823    8.8046
   -7.5000  -37.5000   15.0000 2765.0681    8.7288
    0.0000  -37.5000   15.0000 2780.4939    8.6581
    7.5000  -37.5000   15.0000 2780.5732    8.8074
   -7.5000  -30.0000   15.0000 2771.9565    8.7554
    0.0000  -30.0000   15.0000 2779.9033    8.6700
    7.5000  -30.0000   15.0000 2785.1670    8.8186
   -7.5000  -22.5000   15.0000 2790.4514    8.8080
    0.0000  -22.5000   15.0000 2788.7979    8.7206
    7.5000  -22.5000   15.0000 2799.9626    8.8596
   -7.5000  -15.0000   15.0000 2810.8000    8.8882
    0.0000  -15.0000   15.0000 2806.6628    8.8269
    7.5000  -15.0000   15.0000 2821.1267    8.9304
   -7.5000   -7.5000   15.0000 2846.6409    9.0294
    0.0000   -7.5000   15.0000 2850.4851    8.9884
    7.5000   -7.5000   15.0000 2855.2131    9.0318
   -7.5000    0.0000   15.0000 2887.1165    9.2205
    0.0000    0.0000   15.0000 2911.8745    9.2453
    7.5000    0.0000   15.0000 2898.0452    9.2023
   -7.5000    7.5000   15.0000 2923.2134    9.4977
    0.0000    7.5000   15.0000 2969.1035    9.6104
    7.5000    7.5000   15.0000 2939.2000    9.4837
   -7.5000   15.0000   15.0000 2946.0884    9.8351
    0.0000   15.0000   15.0000 3010.7139   10.0224
    7.5000   15.0000   15.0000 2963.7688    9.8191
   -7.5000   22.5000   15.0000 2936.0256   10.0478
    0.0000   22.5000   15.0000 3004.7407   10.1173
    7.5000   22.5000   15.0000 2948.7429    9.9633
   -7.5000   30.0000   15.0000 2897.0374   10.2391
    0.0000   30.0000   15.0000 2934.9712   10.0960
    7.5000   30.0000   15.0000 2897.7788   10.0609
   -7.5000   37.5000   15.0000 2835.6062   10.5021
    0.0000   37.5000   15.0000 2871.7981   10.3075
    7.5000   37.5000   15.0000 2845.8237   10.3204
   -7.5000   45.0000   15.0000 2765.4314   10.9725
    0.0000   45.0000   15.0000 2784.6746   10.7948
    7.5000   45.0000   15.0000 2772.3928   10.8634
   -7.5000  -45.0000   22.5000 2775.9868    8.7034
    0.0000  -45.0000   22.5000 2785.5989    8.5888
    7.5000  -45.0000   22.5000 2789.7874    8.7778
   -7.5000  -37.5000   22.5000 2778.5571    8.7483
    0.0000  -37.5000   22.5000 2789.1421    8.6312
    7.5000  -37.5000   22.5000 2797.7585    8.8154
   -7.5000  -30.0000   22.5000 2784.7266    8.8056
    0.0000  -30.0000   22.5000 2790.0881    8.7167
    7.5000  -30.0000   22.5000 2797.8975    8.8598
   -7.5000  -22.5000   22.5000 2800.8201    8.9081
    0.0000  -22.5000   22.5000 2800.8433    8.8492
    7.5000  -22.5000   22.5000 2809.6838    8.9565
   -7.5000  -15.0000   22.5000 2819.7249    9.0438
    0.0000  -15.0000   22.5000 2821.5933    8.9992
    7.5000  -15.0000   22.5000 2825.9382    9.0673
   -7.5000   -7.5000   22.5000 2850.7083    9.1789
    0.0000   -7.5000   22.5000 2861.7959    9.1632
    7.5000   -7.5000   22.5000 2856.4363    9.1885
   -7.5000    0.0000   22.5000 2886.4348    9.3562
    0.0000    0.0000   22.5000 2908.0195    9.3722
    7.5000    0.0000   22.5000 2898.1902    9.3745
   -7.5000    7.5000   22.5000 2919.7766    9.6261
    0.0000    7.5000   22.5000 2949.8088    9.6599
    7.5000    7.5000   22.5000 2936.5747    9.6500
   -7.5000   15.0000   22.5000 2940.4016    9.9304
    0.0000   15.0000   22.5000 2980.2988    9.9449
    7.5000   15.0000   22.5000 2958.5813    9.9385
   -7.5000   22.5000   22.5000 2924.4448   10.1189
    0.0000   22.5000   22.5000 2967.9485    9.9971
    7.5000   22.5000   22.5000 2935.8149   10.0108
   -7.5000   30.0000   22.5000 2881.5183   10.3589
    0.0000   30.0000   22.5000 2914.6199   10.1305
    7.5000   30.0000   22.5000 2891.7856   10.2095
   -7.5000   37.5000   22.5000 2824.4646   10.7156
    0.0000   37.5000   22.5000 2859.1575   10.5102
    7.5000   37.5000   22.5000 2844.0081   10.5934
   -7.5000   45.0000   22.5000 2748.9910   11.2996
    0.0000   45.0000   22.5000 2768.9729   11.0946
    7.5000   45.0000   22.5000 2766.3379   11.2026
   -7.5000  -45.0000   30.0000 2787.6353    8.8762
    0.0000  -45.0000   30.0000 2790.6721    8.7368
    7.5000  -45.0000   30.0000 2795.1240    8.8979
   -7.5000  -37.5000   30.0000 2787.3687    8.9692
    0.0000  -37.5000   30.0000 2798.7192    8.8481
    7.5000  -37.5000   30.0000 2800.4033    8.9786
   -7.5000  -30.0000   30.0000 2793.2539    9.0542
    0.0000  -30.0000   30.0000 2806.0359    8.9627
    7.5000  -30.0000   30.0000 2799.4148    9.0674
   -7.5000  -22.5000   30.0000 2807.8064    9.1744
    0.0000  -22.5000   30.0000 2814.0142    9.1018
    7.5000  -22.5000   30.0000 2814.1577    9.1968
   -7.5000  -15.0000   30.0000 2820.5818    9.2962
    0.0000  -15.0000   30.0000 2827.8538    9.2362
    7.5000  -15.0000   30.0000 2825.1111    9.2945
   -7.5000   -7.5000   30.0000 2836.5532    9.4080
    0.0000   -7.5000   30.0000 2845.1882    9.3476
    7.5000   -7.5000   30.0000 2846.1055    9.4048
   -7.5000    0.0000   30.0000 2864.4158    9.5719
    0.0000    0.0000   30.0000 2871.9917    9.5124
    7.5000    0.0000   30.0000 2873.8127    9.5740
   -7.5000    7.5000   30.0000 2899.1138    9.8532
    0.0000    7.5000   30.0000 2908.4080    9.7692
    7.5000    7.5000   30.0000 2907.0498    9.8341
   -7.5000   15.0000   30.0000 2908.8765   10.1181
    0.0000   15.0000   30.0000 2930.8662    9.9893
    7.5000   15.0000   30.0000 2920.8689   10.0473
   -7.5000   22.5000   30.0000 2883.7710   10.3201
    0.0000   22.5000   30.0000 2917.6555   10.1033
    7.5000   22.5000   30.0000 2894.7322   10.1659
   -7.5000   30.0000   30.0000 2842.8130   10.5802
    0.0000   30.0000   30.0000 2873.5750   10.3672
    7.5000   30.0000   30.0000 2858.1401   10.4634
   -7.5000   37.5000   30.0000 2790.3333   10.9980
    0.0000   37.5000   30.0000 2825.4783   10.8052
    7.5000   37.5000   30.0000 2811.0071   10.8925
   -7.5000   45.0000   30.0000 2719.7471   11.6226
    0.0000   45.0000   30.0000 2743.9321   11.4063
    7.5000   45.0000   30.0000 2742.6995   11.5136
   -7.5000  -45.0000   37.5000 2789.8115    9.1562
    0.0000  -45.0000   37.5000 2795.5667    9.0021
    7.5000  -45.0000   37.5000 2792.7705    9.1301
   -7.5000  -37.5000   37.5000 2789.2126    9.2312
    0.0000  -37.5000   37.5000 2798.0332    9.1003
    7.5000  -37.5000   37.5000 2794.8220    9.2151
   -7.5000  -30.0000   37.5000 2791.5217    9.3429
    0.0000  -30.0000   37.5000 2799.0332    9.2063
    7.5000  -30.0000   37.5000 2795.3479    9.3164
   -7.5000  -22.5000   37.5000 2800.5537    9.4593
    0.0000  -22.5000   37.5000 2803.8123    9.3252
    7.5000  -22.5000   37.5000 2803.2256    9.4197
   -7.5000  -15.0000   37.5000 2806.7200    9.5767
    0.0000  -15.0000   37.5000 2812.0439    9.4427
    7.5000  -15.0000   37.5000 2812.8994    9.5338
   -7.5000   -7.5000   37.5000 2814.7019    9.7124
    0.0000   -7.5000   37.5000 2821.1887    9.5796
    7.5000   -7.5000   37.5000 2824.1094    9.6685
   -7.5000    0.0000   37.5000 2832.1938    9.9031
    0.0000    0.0000   37.5000 2839.2649    9.7799
    7.5000    0.0000   37.5000 2842.8022    9.8684
   -7.5000    7.5000   37.5000 2848.5771   10.1490
    0.0000    7.5000   37.5000 2861.1965   10.0174
    7.5000    7.5000   37.5000 2860.6550   10.1073
   -7.5000   15.0000   37.5000 2848.9065   10.4092
    0.0000   15.0000   37.5000 2869.8540   10.2351
    7.5000   15.0000   37.5000 2861.6528   10.2991
   -7.5000   22.5000   37.5000 2830.9929   10.6657
    0.0000   22.5000   37.5000 2853.4507   10.4407
    7.5000   22.5000   37.5000 2839.2063   10.5076
   -7.5000   30.0000   37.5000 2792.9705   11.0011
    0.0000   30.0000   37.5000 2816.4014   10.7953
    7.5000   30.0000   37.5000 2809.6316   10.8800
   -7.5000   37.5000   37.5000 2741.2087   11.4644
    0.0000   37.5000   37.5000 2771.8293   11.2826
    7.5000   37.5000   37.5000 2763.5105   11.3723
   -7.5000   45.0000   37.5000 2671.5137   12.0978
    0.0000   45.0000   37.5000 2703.6033   11.8845
    7.5000   45.0000   37.5000 2698.0891   11.9958
   -7.5000  -45.0000   45.0000 2766.4504    9.4602
    0.0000  -45.0000   45.0000 2773.4551    9.2533
    7.5000  -45.0000   45.0000 2769.8677    9.3978
   -7.5000  -37.5000   45.0000 2770.6038    9.5277
    0.0000  -37.5000   45.0000 2772.0510    9.3428
    7.5000  -37.5000   45.0000 2776.7441    9.4980
   -7.5000  -30.0000   45.0000 2771.3303    9.6528
    0.0000  -30.0000   45.0000 2768.2664    9.4504
    7.5000  -30.0000   45.0000 2778.0273    9.6064
   -7.5000  -22.5000   45.0000 2769.7974    9.7812
    0.0000  -22.5000   45.0000 2770.5947    9.5840
    7.5000  -22.5000   45.0000 2776.0249    9.7043
   -7.5000  -15.0000   45.0000 2772.7468    9.9079
    0.0000  -15.0000   45.0000 2774.7844    9.7052
    7.5000  -15.0000   45.0000 2777.5225    9.8056
   -7.5000   -7.5000   45.0000 2775.0149   10.0526
    0.0000   -7.5000   45.0000 2785.8284    9.8840
    7.5000   -7.5000   45.0000 2790.7766    9.9837
   -7.5000    0.0000   45.0000 2779.4304   10.2539
    0.0000    0.0000   45.0000 2797.5840   10.0991
    7.5000    0.0000   45.0000 2798.3264   10.2107
   -7.5000    7.5000   45.0000 2786.4980   10.5237
    0.0000    7.5000   45.0000 2802.0913   10.3435
    7.5000    7.5000   45.0000 2798.6040   10.4582
   -7.5000   15.0000   45.0000 2775.7651   10.8061
    0.0000   15.0000   45.0000 2793.6865   10.6060
    7.5000   15.0000   45.0000 2788.1226   10.6891
   -7.5000   22.5000   45.0000 2760.7090   11.1175
    0.0000   22.5000   45.0000 2780.6421   10.8941
    7.5000   22.5000   45.0000 2772.0037   10.9687
   -7.5000   30.0000   45.0000 2726.9329   11.5496
    0.0000   30.0000   45.0000 2750.9976   11.3430
    7.5000   30.0000   45.0000 2750.5808   11.4272
   -7.5000   37.5000   45.0000 2677.7576   12.0587
    0.0000   37.5000   45.0000 2710.1079   11.8547
    7.5000   37.5000   45.0000 2704.5190   11.9422
   -7.5000   45.0000   45.0000 2610.9717   12.6763
    0.0000   45.0000   45.0000 2645.5234   12.4744
    7.5000   45.0000   45.0000 2642.7935   12.5505

---------------------------------------------------------------------
imgreg_4dfp /usr/local/freesurfer/average/711-2C_as_mni_average_305 /usr/local/freesurfer/average/711-2B_as_mni_average_305_mask talsrcimg_g11 none talsrcimg_to_711-2C_as_mni_average_305_t4 1283
---------------------------------------------------------------------

$Id: imgreg_4dfp.c,v 1.4 2010/02/27 01:41:53 nicks Exp $
/usr/local/freesurfer/average/711-2C_as_mni_average_305.4dfp.img
       256       256       256         1
  1.000000  1.000000  1.000000
orientation T byte_order littleendian
Reading image: /usr/local/freesurfer/average/711-2C_as_mni_average_305.4dfp.img
dimensions:      256       256       256
mmppix:       1.0000   -1.0000   -1.0000
center:     128.0000 -129.0000 -129.0000
/usr/local/freesurfer/average/711-2B_as_mni_average_305_mask.4dfp.img
       256       256       256         1
  1.000000  1.000000  1.000000
orientation T byte_order littleendian
Reading mask: /usr/local/freesurfer/average/711-2B_as_mni_average_305_mask.4dfp.img (2306576 pixels)
talsrcimg_g11.4dfp.img
       256       256       256         1
  1.000000  1.000000  1.000000
orientation T byte_order littleendian
Reading image: talsrcimg_g11.4dfp.img
dimensions:      256       256       256
mmppix:       1.0000   -1.0000   -1.0000
center:     128.0000 -129.0000 -129.0000
rotation matrix determinant  1.000000
$Id: fimgreg.f,v 1.1 2007/05/04 22:33:59 nicks Exp $
image alignment mode   1283 decimal      503 hex
parameters
    0.0000   15.0000   15.0000    0.0000    0.0000    0.0000
eta,q 0.94447 10.05391
niter,ni,del,rscale     5    3   12.0000    1.2000
parameter  4  1.314254 ->  0.500000 qaram    1.1500
parameters
    0.6045   17.6901   14.0688   -3.4500   -2.2861   -1.3846
eta,q 0.95481  9.98483
  0.0727  0.0641  0.0560  0.0467  0.0497  0.0487
  0.0652  0.0601  0.0519  0.0470  0.0464  0.0463
  0.0580  0.0559  0.0499  0.0479  0.0457  0.0452
  0.0531  0.0521  0.0502  0.0495  0.0472  0.0457
  0.0531  0.0504  0.0530  0.0519  0.0509  0.0472
  0.0593  0.0513  0.0561  0.0540  0.0555  0.0498
  0.0678  0.0536  0.0588  0.0564  0.0614  0.0538
niter,ni,del,rscale     5    3   12.0000    1.2000
parameter  4  0.628594 ->  0.500000 qaram    1.3225
parameters
    1.3880   18.5295   13.0284   -7.4175   -2.9155   -1.1006
eta,q 0.95726 10.07280
  0.0683  0.0567  0.0522  0.0438  0.0501  0.0486
  0.0603  0.0514  0.0474  0.0429  0.0463  0.0451
  0.0513  0.0465  0.0451  0.0431  0.0434  0.0430
  0.0452  0.0446  0.0448  0.0445  0.0428  0.0426
  0.0457  0.0456  0.0482  0.0464  0.0446  0.0434
  0.0516  0.0477  0.0532  0.0489  0.0486  0.0444
  0.0608  0.0514  0.0577  0.0516  0.0544  0.0474
niter,ni,del,rscale     5    3   12.0000    1.2000
parameter  4  0.562937 ->  0.500000 qaram    1.5209
parameters
    1.4014   20.8319   11.8084  -11.9801   -3.0464   -1.5604
eta,q 0.96176 10.13052
  0.0637  0.0568  0.0486  0.0411  0.0498  0.0437
  0.0556  0.0512  0.0430  0.0381  0.0441  0.0403
  0.0469  0.0463  0.0410  0.0394  0.0399  0.0385
  0.0427  0.0427  0.0418  0.0409  0.0384  0.0383
  0.0463  0.0417  0.0452  0.0439  0.0405  0.0394
  0.0550  0.0428  0.0498  0.0474  0.0450  0.0418
  0.0640  0.0450  0.0554  0.0511  0.0506  0.0455
niter,ni,del,rscale     5    3   12.0000    1.2000
parameters
    1.4697   23.5031   10.5711  -13.4427   -3.0269   -2.3172
eta,q 0.96619 10.21963
  0.0628  0.0568  0.0440  0.0454  0.0464  0.0389
  0.0532  0.0497  0.0371  0.0374  0.0405  0.0355
  0.0432  0.0433  0.0346  0.0335  0.0361  0.0340
  0.0382  0.0382  0.0358  0.0348  0.0338  0.0338
  0.0416  0.0360  0.0395  0.0389  0.0353  0.0349
  0.0516  0.0363  0.0455  0.0458  0.0401  0.0379
  0.0627  0.0402  0.0533  0.0520  0.0466  0.0423
niter,ni,del,rscale     4    3   12.0000    1.2000
parameters
    1.4455   23.6238   10.3358  -13.8044   -2.9512   -2.3581
eta,q 0.96649 10.21167
  0.0604  0.0492  0.0479  0.0485  0.0464  0.0404
  0.0485  0.0415  0.0390  0.0401  0.0406  0.0362
  0.0380  0.0357  0.0342  0.0342  0.0359  0.0341
  0.0338  0.0338  0.0338  0.0337  0.0335  0.0335
  0.0384  0.0352  0.0359  0.0364  0.0350  0.0340
  0.0489  0.0399  0.0416  0.0427  0.0397  0.0365
  0.0606  0.0486  0.0493  0.0498  0.0464  0.0406
niter,ni,del,rscale     3    3   12.0000    1.2000
parameters
    1.4220   23.7487   10.2900  -13.9446   -2.9274   -2.3522
eta,q 0.96658 10.21403
  0.0606  0.0493  0.0489  0.0492  0.0461  0.0405
  0.0483  0.0415  0.0395  0.0407  0.0404  0.0362
  0.0376  0.0355  0.0343  0.0345  0.0357  0.0341
  0.0335  0.0335  0.0335  0.0335  0.0334  0.0334
  0.0383  0.0351  0.0352  0.0359  0.0350  0.0339
  0.0489  0.0399  0.0408  0.0421  0.0398  0.0363
  0.0606  0.0485  0.0485  0.0493  0.0465  0.0404
niter,ni,del,rscale     2    3   12.0000    1.2000
parameters
    1.4092   23.8056   10.2772  -14.0017   -2.9182   -2.3468
eta,q 0.96662 10.21523
  0.0607  0.0491  0.0491  0.0495  0.0460  0.0404
  0.0483  0.0412  0.0396  0.0410  0.0403  0.0362
  0.0375  0.0353  0.0343  0.0346  0.0357  0.0341
  0.0334  0.0334  0.0334  0.0334  0.0334  0.0334
  0.0382  0.0352  0.0350  0.0358  0.0349  0.0338
  0.0488  0.0401  0.0406  0.0418  0.0398  0.0363
  0.0604  0.0489  0.0484  0.0492  0.0465  0.0404
registration optimization eta report
parameter search radius
    6.0000    6.0000    6.0000    9.1253    6.0000    6.0000
100000*second partial in parameter space
       73.       43.       43.       19.       35.       20.
  0.0607  0.0491  0.0491  0.0495  0.0460  0.0404
  0.0483  0.0412  0.0396  0.0410  0.0403  0.0362
  0.0375  0.0353  0.0343  0.0346  0.0357  0.0341
  0.0334  0.0334  0.0334  0.0334  0.0334  0.0334
  0.0382  0.0352  0.0350  0.0358  0.0349  0.0338
  0.0488  0.0401  0.0406  0.0418  0.0398  0.0363
  0.0604  0.0489  0.0484  0.0492  0.0465  0.0404
    1.4092   23.8056   10.2772  -14.0017   -2.9182   -2.3468
eta,q 0.96662 10.21523

---------------------------------------------------------------------
imgreg_4dfp /usr/local/freesurfer/average/711-2C_as_mni_average_305 /usr/local/freesurfer/average/711-2B_as_mni_average_305_mask talsrcimg_g11 none talsrcimg_to_711-2C_as_mni_average_305_t4 3335
---------------------------------------------------------------------

$Id: imgreg_4dfp.c,v 1.4 2010/02/27 01:41:53 nicks Exp $
/usr/local/freesurfer/average/711-2C_as_mni_average_305.4dfp.img
       256       256       256         1
  1.000000  1.000000  1.000000
orientation T byte_order littleendian
Reading image: /usr/local/freesurfer/average/711-2C_as_mni_average_305.4dfp.img
dimensions:      256       256       256
mmppix:       1.0000   -1.0000   -1.0000
center:     128.0000 -129.0000 -129.0000
/usr/local/freesurfer/average/711-2B_as_mni_average_305_mask.4dfp.img
       256       256       256         1
  1.000000  1.000000  1.000000
orientation T byte_order littleendian
Reading mask: /usr/local/freesurfer/average/711-2B_as_mni_average_305_mask.4dfp.img (2306576 pixels)
talsrcimg_g11.4dfp.img
       256       256       256         1
  1.000000  1.000000  1.000000
orientation T byte_order littleendian
Reading image: talsrcimg_g11.4dfp.img
dimensions:      256       256       256
mmppix:       1.0000   -1.0000   -1.0000
center:     128.0000 -129.0000 -129.0000
$Id: fimgreg.f,v 1.1 2007/05/04 22:33:59 nicks Exp $
image alignment mode   3335 decimal      D07 hex
parameters
    1.4019   23.9106   10.2463   -0.2128   -3.1094   -3.2044
    2.7180    5.9264   -4.0884   24.4027   -5.0789  -24.5931
eta,q 0.96721 10.24706
niter,ni,del,rscale     5    3    5.0000    1.2000
parameter  4  0.723769 ->  0.500000 qaram    1.1500
parameter  5  0.916093 ->  0.500000 qaram    1.1500
parameter  6  0.580419 ->  0.500000 qaram    1.1500
parameters
    1.4701   24.7554   10.4096   -4.3528   -7.2494   -7.3444
    1.6011    5.9747   -2.1581   23.3436   -4.4181  -23.6949
eta,q 0.97522 10.04102
  0.0386  0.0375  0.0364  0.0294  0.0258  0.0255  0.0273  0.0297  0.0286  0.0272  0.0265  0.0272
  0.0355  0.0355  0.0342  0.0291  0.0262  0.0251  0.0259  0.0272  0.0269  0.0259  0.0256  0.0260
  0.0335  0.0339  0.0328  0.0299  0.0272  0.0252  0.0251  0.0256  0.0256  0.0250  0.0250  0.0252
  0.0328  0.0328  0.0323  0.0323  0.0292  0.0264  0.0250  0.0249  0.0249  0.0248  0.0248  0.0248
  0.0334  0.0323  0.0327  0.0371  0.0321  0.0301  0.0257  0.0254  0.0248  0.0254  0.0249  0.0249
  0.0351  0.0326  0.0337  0.0435  0.0359  0.0353  0.0272  0.0270  0.0251  0.0270  0.0253  0.0254
  0.0379  0.0337  0.0353  0.0503  0.0406  0.0412  0.0293  0.0297  0.0261  0.0297  0.0260  0.0262
niter,ni,del,rscale     7    3    5.0000    1.2000
parameters
    1.7169   24.3597    9.5462   -5.7307  -10.6337   -9.8538
    1.3467    5.6596   -2.1493   22.4734   -4.9240  -24.9623
eta,q 0.97567  9.73125
  0.0297  0.0267  0.0253  0.0275  0.0249  0.0256  0.0270  0.0282  0.0264  0.0263  0.0253  0.0254
  0.0272  0.0254  0.0246  0.0260  0.0244  0.0247  0.0256  0.0262  0.0253  0.0251  0.0248  0.0247
  0.0256  0.0248  0.0243  0.0249  0.0243  0.0245  0.0247  0.0249  0.0247  0.0245  0.0245  0.0244
  0.0248  0.0247  0.0247  0.0243  0.0246  0.0243  0.0244  0.0244  0.0244  0.0244  0.0244  0.0244
  0.0249  0.0254  0.0255  0.0248  0.0255  0.0250  0.0248  0.0250  0.0246  0.0248  0.0246  0.0248
  0.0260  0.0267  0.0267  0.0274  0.0276  0.0277  0.0259  0.0266  0.0253  0.0258  0.0250  0.0255
  0.0281  0.0287  0.0283  0.0326  0.0309  0.0326  0.0274  0.0290  0.0264  0.0276  0.0256  0.0264
niter,ni,del,rscale     6    3    5.0000    1.2000
parameters
    1.7183   24.2465    9.4833   -6.1671  -11.4198  -10.4031
    1.1911    5.5482   -2.1983   22.2758   -4.9701  -25.0526
eta,q 0.97568  9.64119
  0.0280  0.0265  0.0259  0.0273  0.0260  0.0268  0.0270  0.0283  0.0264  0.0267  0.0254  0.0260
  0.0260  0.0253  0.0251  0.0260  0.0249  0.0253  0.0256  0.0263  0.0252  0.0254  0.0249  0.0250
  0.0248  0.0246  0.0245  0.0250  0.0244  0.0244  0.0246  0.0249  0.0245  0.0245  0.0245  0.0245
  0.0243  0.0243  0.0243  0.0243  0.0244  0.0244  0.0243  0.0243  0.0243  0.0243  0.0243  0.0243
  0.0247  0.0246  0.0245  0.0244  0.0246  0.0245  0.0247  0.0248  0.0246  0.0247  0.0244  0.0245
  0.0260  0.0255  0.0251  0.0256  0.0253  0.0254  0.0257  0.0264  0.0253  0.0256  0.0249  0.0251
  0.0280  0.0271  0.0261  0.0291  0.0269  0.0280  0.0273  0.0287  0.0265  0.0270  0.0255  0.0260
niter,ni,del,rscale     5    3    5.0000    1.2000
parameters
    1.7127   24.2141    9.5103   -6.2670  -11.4398  -10.3277
    1.1614    5.5297   -2.2194   22.2923   -4.9483  -25.0079
eta,q 0.97566  9.63810
  0.0279  0.0267  0.0261  0.0274  0.0264  0.0272  0.0271  0.0284  0.0264  0.0269  0.0254  0.0261
  0.0260  0.0254  0.0252  0.0260  0.0251  0.0255  0.0256  0.0264  0.0253  0.0255  0.0249  0.0251
  0.0248  0.0246  0.0246  0.0250  0.0244  0.0245  0.0247  0.0249  0.0246  0.0246  0.0245  0.0245
  0.0243  0.0243  0.0243  0.0243  0.0243  0.0243  0.0243  0.0243  0.0243  0.0243  0.0243  0.0243
  0.0247  0.0246  0.0245  0.0243  0.0246  0.0245  0.0247  0.0248  0.0246  0.0247  0.0245  0.0245
  0.0260  0.0255  0.0250  0.0253  0.0251  0.0252  0.0257  0.0263  0.0253  0.0255  0.0249  0.0251
  0.0280  0.0269  0.0260  0.0284  0.0264  0.0272  0.0272  0.0286  0.0265  0.0268  0.0255  0.0260
niter,ni,del,rscale     4    3    5.0000    1.2000
parameters
    1.7115   24.2085    9.5271   -6.2593  -11.4424  -10.3226
    1.1586    5.5329   -2.2195   22.2845   -4.9472  -24.9811
eta,q 0.97566  9.63785
  0.0279  0.0268  0.0261  0.0274  0.0264  0.0271  0.0271  0.0284  0.0265  0.0269  0.0254  0.0261
  0.0260  0.0255  0.0252  0.0261  0.0251  0.0255  0.0256  0.0264  0.0253  0.0255  0.0249  0.0251
  0.0248  0.0247  0.0246  0.0250  0.0244  0.0245  0.0247  0.0249  0.0246  0.0246  0.0245  0.0245
  0.0243  0.0243  0.0243  0.0243  0.0243  0.0243  0.0243  0.0243  0.0243  0.0243  0.0243  0.0243
  0.0247  0.0246  0.0245  0.0243  0.0246  0.0245  0.0247  0.0248  0.0246  0.0247  0.0245  0.0245
  0.0260  0.0254  0.0251  0.0252  0.0251  0.0252  0.0256  0.0263  0.0253  0.0255  0.0249  0.0251
  0.0280  0.0269  0.0261  0.0282  0.0264  0.0273  0.0271  0.0286  0.0264  0.0269  0.0255  0.0260
registration optimization eta report
parameter search radius
    2.4000    2.4000    2.4000    8.2800    8.2800    8.2800
    7.2000    7.2000    7.2000    7.2000    7.2000    7.2000
100000*second partial in parameter space
       62.       44.       30.        5.        3.        4.
        5.        8.        4.        5.        2.        3.
  0.0279  0.0268  0.0261  0.0274  0.0264  0.0271  0.0271  0.0284  0.0265  0.0269  0.0254  0.0261
  0.0260  0.0255  0.0252  0.0261  0.0251  0.0255  0.0256  0.0264  0.0253  0.0255  0.0249  0.0251
  0.0248  0.0247  0.0246  0.0250  0.0244  0.0245  0.0247  0.0249  0.0246  0.0246  0.0245  0.0245
  0.0243  0.0243  0.0243  0.0243  0.0243  0.0243  0.0243  0.0243  0.0243  0.0243  0.0243  0.0243
  0.0247  0.0246  0.0245  0.0243  0.0246  0.0245  0.0247  0.0248  0.0246  0.0247  0.0245  0.0245
  0.0260  0.0254  0.0251  0.0252  0.0251  0.0252  0.0256  0.0263  0.0253  0.0255  0.0249  0.0251
  0.0280  0.0269  0.0261  0.0282  0.0264  0.0273  0.0271  0.0286  0.0264  0.0269  0.0255  0.0260
    1.7115   24.2085    9.5271   -6.2593  -11.4424  -10.3226
    1.1586    5.5329   -2.2195   22.2845   -4.9472  -24.9811
eta,q 0.97566  9.63785

---------------------------------------------------------------------
imgreg_4dfp /usr/local/freesurfer/average/711-2C_as_mni_average_305 /usr/local/freesurfer/average/711-2B_as_mni_average_305_mask talsrcimg_g11 none talsrcimg_to_711-2C_as_mni_average_305_t4 2311
---------------------------------------------------------------------

$Id: imgreg_4dfp.c,v 1.4 2010/02/27 01:41:53 nicks Exp $
/usr/local/freesurfer/average/711-2C_as_mni_average_305.4dfp.img
       256       256       256         1
  1.000000  1.000000  1.000000
orientation T byte_order littleendian
Reading image: /usr/local/freesurfer/average/711-2C_as_mni_average_305.4dfp.img
dimensions:      256       256       256
mmppix:       1.0000   -1.0000   -1.0000
center:     128.0000 -129.0000 -129.0000
/usr/local/freesurfer/average/711-2B_as_mni_average_305_mask.4dfp.img
       256       256       256         1
  1.000000  1.000000  1.000000
orientation T byte_order littleendian
Reading mask: /usr/local/freesurfer/average/711-2B_as_mni_average_305_mask.4dfp.img (2306576 pixels)
talsrcimg_g11.4dfp.img
       256       256       256         1
  1.000000  1.000000  1.000000
orientation T byte_order littleendian
Reading image: talsrcimg_g11.4dfp.img
dimensions:      256       256       256
mmppix:       1.0000   -1.0000   -1.0000
center:     128.0000 -129.0000 -129.0000
$Id: fimgreg.f,v 1.1 2007/05/04 22:33:59 nicks Exp $
image alignment mode   2311 decimal      907 hex
parameters
    1.7115   24.2085    9.5271   -6.2593  -11.4424  -10.3226
    1.1586    5.5329   -2.2195   22.2845   -4.9472  -24.9811
eta,q 0.97566  9.63785
niter,ni,del,rscale     5    3    5.0000    0.8000
parameters
    1.7233   24.2382    9.5735   -4.9877  -11.4630   -9.7954
    1.3261    5.7477   -2.0864   22.5424   -4.8824  -24.9937
eta,q 0.97576  9.72372
  0.0260  0.0255  0.0252  0.0258  0.0248  0.0251  0.0256  0.0263  0.0252  0.0255  0.0248  0.0250
  0.0251  0.0249  0.0247  0.0252  0.0244  0.0245  0.0249  0.0253  0.0247  0.0248  0.0245  0.0246
  0.0245  0.0245  0.0244  0.0247  0.0242  0.0242  0.0244  0.0245  0.0243  0.0244  0.0243  0.0243
  0.0243  0.0243  0.0243  0.0243  0.0242  0.0242  0.0242  0.0242  0.0242  0.0242  0.0242  0.0242
  0.0245  0.0244  0.0244  0.0242  0.0243  0.0243  0.0243  0.0244  0.0243  0.0244  0.0243  0.0243
  0.0251  0.0248  0.0246  0.0243  0.0245  0.0243  0.0247  0.0250  0.0246  0.0247  0.0245  0.0246
  0.0260  0.0254  0.0251  0.0249  0.0247  0.0247  0.0255  0.0260  0.0251  0.0252  0.0248  0.0250
niter,ni,del,rscale     4    3    5.0000    0.7000
parameters
    1.7203   24.3027    9.5604   -4.8992  -11.3490   -9.6793
    1.3894    5.7861   -2.0543   22.6233   -4.8620  -25.0223
eta,q 0.97576  9.74292
  0.0255  0.0252  0.0248  0.0252  0.0247  0.0247  0.0253  0.0258  0.0249  0.0251  0.0247  0.0248
  0.0248  0.0247  0.0245  0.0247  0.0244  0.0243  0.0247  0.0249  0.0245  0.0246  0.0244  0.0245
  0.0244  0.0244  0.0243  0.0244  0.0243  0.0242  0.0244  0.0244  0.0243  0.0243  0.0243  0.0243
  0.0242  0.0242  0.0242  0.0242  0.0242  0.0242  0.0242  0.0242  0.0242  0.0242  0.0242  0.0242
  0.0244  0.0243  0.0243  0.0243  0.0243  0.0243  0.0243  0.0244  0.0243  0.0243  0.0243  0.0243
  0.0248  0.0246  0.0245  0.0245  0.0244  0.0243  0.0247  0.0249  0.0245  0.0246  0.0244  0.0245
  0.0255  0.0250  0.0248  0.0252  0.0246  0.0246  0.0252  0.0257  0.0249  0.0250  0.0247  0.0248
niter,ni,del,rscale     3    3    5.0000    0.6000
parameters
    1.7216   24.3148    9.5479   -4.7220  -11.3536   -9.5826
    1.4281    5.8266   -2.0306   22.6520   -4.8426  -25.0236
eta,q 0.97577  9.75618
  0.0252  0.0249  0.0247  0.0250  0.0245  0.0245  0.0250  0.0254  0.0247  0.0248  0.0245  0.0246
  0.0247  0.0245  0.0244  0.0246  0.0243  0.0243  0.0246  0.0248  0.0245  0.0245  0.0244  0.0244
  0.0243  0.0243  0.0243  0.0244  0.0242  0.0242  0.0243  0.0244  0.0243  0.0243  0.0243  0.0243
  0.0242  0.0242  0.0242  0.0242  0.0242  0.0242  0.0242  0.0242  0.0242  0.0242  0.0242  0.0242
  0.0243  0.0243  0.0243  0.0242  0.0243  0.0242  0.0243  0.0243  0.0243  0.0243  0.0243  0.0243
  0.0247  0.0245  0.0244  0.0244  0.0243  0.0242  0.0245  0.0247  0.0244  0.0245  0.0244  0.0244
  0.0252  0.0249  0.0247  0.0249  0.0245  0.0244  0.0250  0.0253  0.0247  0.0248  0.0245  0.0246
niter,ni,del,rscale     2    3    5.0000    0.5000
parameters
    1.7217   24.3277    9.5455   -4.5847  -11.3472   -9.5710
    1.4724    5.8462   -1.9952   22.6215   -4.8198  -25.0153
eta,q 0.97577  9.76248
  0.0249  0.0247  0.0245  0.0247  0.0244  0.0243  0.0248  0.0250  0.0246  0.0246  0.0245  0.0245
  0.0245  0.0244  0.0244  0.0245  0.0243  0.0242  0.0245  0.0246  0.0244  0.0244  0.0243  0.0244
  0.0243  0.0243  0.0243  0.0243  0.0242  0.0242  0.0243  0.0243  0.0243  0.0243  0.0243  0.0243
  0.0242  0.0242  0.0242  0.0242  0.0242  0.0242  0.0242  0.0242  0.0242  0.0242  0.0242  0.0242
  0.0243  0.0243  0.0243  0.0242  0.0243  0.0242  0.0243  0.0243  0.0243  0.0243  0.0243  0.0243
  0.0245  0.0244  0.0244  0.0244  0.0243  0.0242  0.0244  0.0246  0.0244  0.0244  0.0243  0.0243
  0.0249  0.0247  0.0245  0.0247  0.0244  0.0243  0.0247  0.0250  0.0246  0.0246  0.0245  0.0245
niter,ni,del,rscale     1    3    5.0000    0.4000
parameters
    1.7186   24.3334    9.5356   -4.4934  -11.3911   -9.5385
    1.5053    5.8653   -1.9907   22.6110   -4.7834  -25.0388
eta,q 0.97577  9.76604
  0.0247  0.0245  0.0244  0.0246  0.0243  0.0242  0.0246  0.0247  0.0244  0.0245  0.0244  0.0244
  0.0244  0.0244  0.0243  0.0244  0.0243  0.0242  0.0244  0.0245  0.0243  0.0243  0.0243  0.0243
  0.0243  0.0243  0.0242  0.0243  0.0242  0.0242  0.0243  0.0243  0.0242  0.0242  0.0242  0.0242
  0.0242  0.0242  0.0242  0.0242  0.0242  0.0242  0.0242  0.0242  0.0242  0.0242  0.0242  0.0242
  0.0243  0.0243  0.0243  0.0242  0.0242  0.0242  0.0243  0.0243  0.0242  0.0243  0.0242  0.0242
  0.0244  0.0243  0.0243  0.0243  0.0243  0.0242  0.0244  0.0244  0.0243  0.0243  0.0243  0.0243
  0.0247  0.0245  0.0244  0.0245  0.0243  0.0242  0.0246  0.0247  0.0244  0.0245  0.0244  0.0244
registration optimization eta report
parameter search radius
    0.8000    0.8000    0.8000    2.4000    2.4000    2.4000
    2.4000    2.4000    2.4000    2.4000    2.4000    2.4000
100000*second partial in parameter space
       67.       42.       31.        6.        2.        0.
        6.        9.        4.        4.        3.        3.
  0.0247  0.0245  0.0244  0.0246  0.0243  0.0242  0.0246  0.0247  0.0244  0.0245  0.0244  0.0244
  0.0244  0.0244  0.0243  0.0244  0.0243  0.0242  0.0244  0.0245  0.0243  0.0243  0.0243  0.0243
  0.0243  0.0243  0.0242  0.0243  0.0242  0.0242  0.0243  0.0243  0.0242  0.0242  0.0242  0.0242
  0.0242  0.0242  0.0242  0.0242  0.0242  0.0242  0.0242  0.0242  0.0242  0.0242  0.0242  0.0242
  0.0243  0.0243  0.0243  0.0242  0.0242  0.0242  0.0243  0.0243  0.0242  0.0243  0.0242  0.0242
  0.0244  0.0243  0.0243  0.0243  0.0243  0.0242  0.0244  0.0244  0.0243  0.0243  0.0243  0.0243
  0.0247  0.0245  0.0244  0.0245  0.0243  0.0242  0.0246  0.0247  0.0244  0.0245  0.0244  0.0244
    1.7186   24.3334    9.5356   -4.4934  -11.3911   -9.5385
    1.5053    5.8653   -1.9907   22.6110   -4.7834  -25.0388
eta,q 0.97577  9.76604

---------------------------------------------------------------------
imgreg_4dfp /usr/local/freesurfer/average/711-2C_as_mni_average_305 /usr/local/freesurfer/average/711-2B_as_mni_average_305_mask talsrcimg_g11 none talsrcimg_to_711-2C_as_mni_average_305_t4 2311
---------------------------------------------------------------------

$Id: imgreg_4dfp.c,v 1.4 2010/02/27 01:41:53 nicks Exp $
/usr/local/freesurfer/average/711-2C_as_mni_average_305.4dfp.img
       256       256       256         1
  1.000000  1.000000  1.000000
orientation T byte_order littleendian
Reading image: /usr/local/freesurfer/average/711-2C_as_mni_average_305.4dfp.img
dimensions:      256       256       256
mmppix:       1.0000   -1.0000   -1.0000
center:     128.0000 -129.0000 -129.0000
/usr/local/freesurfer/average/711-2B_as_mni_average_305_mask.4dfp.img
       256       256       256         1
  1.000000  1.000000  1.000000
orientation T byte_order littleendian
Reading mask: /usr/local/freesurfer/average/711-2B_as_mni_average_305_mask.4dfp.img (2306576 pixels)
talsrcimg_g11.4dfp.img
       256       256       256         1
  1.000000  1.000000  1.000000
orientation T byte_order littleendian
Reading image: talsrcimg_g11.4dfp.img
dimensions:      256       256       256
mmppix:       1.0000   -1.0000   -1.0000
center:     128.0000 -129.0000 -129.0000
$Id: fimgreg.f,v 1.1 2007/05/04 22:33:59 nicks Exp $
image alignment mode   2311 decimal      907 hex
parameters
    1.7186   24.3334    9.5356   -4.4934  -11.3911   -9.5385
    1.5053    5.8653   -1.9907   22.6110   -4.7834  -25.0388
eta,q 0.97577  9.76604
niter,ni,del,rscale     5    3    5.0000    0.8000
parameters
    1.7096   24.3106    9.5107   -4.9668  -11.1581   -9.6890
    1.3896    5.7645   -2.0409   22.7028   -4.8981  -25.0721
eta,q 0.97575  9.75149
  0.0259  0.0253  0.0250  0.0252  0.0248  0.0248  0.0255  0.0261  0.0251  0.0254  0.0247  0.0250
  0.0250  0.0247  0.0246  0.0247  0.0244  0.0244  0.0248  0.0251  0.0246  0.0247  0.0245  0.0246
  0.0244  0.0244  0.0243  0.0244  0.0243  0.0242  0.0244  0.0245  0.0243  0.0243  0.0243  0.0243
  0.0242  0.0242  0.0242  0.0242  0.0242  0.0243  0.0242  0.0242  0.0243  0.0243  0.0242  0.0243
  0.0244  0.0243  0.0243  0.0244  0.0243  0.0243  0.0244  0.0245  0.0243  0.0244  0.0243  0.0243
  0.0250  0.0247  0.0246  0.0249  0.0244  0.0244  0.0249  0.0252  0.0246  0.0247  0.0245  0.0246
  0.0260  0.0254  0.0250  0.0260  0.0247  0.0249  0.0256  0.0263  0.0252  0.0252  0.0248  0.0250
niter,ni,del,rscale     4    3    5.0000    0.7000
parameters
    1.7203   24.3107    9.5160   -4.8344  -11.2607   -9.6023
    1.4094    5.7959   -2.0039   22.7143   -4.8855  -25.0631
eta,q 0.97576  9.75669
  0.0256  0.0251  0.0248  0.0252  0.0246  0.0246  0.0252  0.0258  0.0249  0.0250  0.0247  0.0248
  0.0248  0.0246  0.0245  0.0248  0.0243  0.0243  0.0247  0.0249  0.0245  0.0246  0.0244  0.0245
  0.0244  0.0244  0.0243  0.0244  0.0243  0.0242  0.0244  0.0244  0.0243  0.0243  0.0243  0.0243
  0.0243  0.0243  0.0243  0.0243  0.0242  0.0242  0.0242  0.0242  0.0242  0.0242  0.0242  0.0242
  0.0244  0.0243  0.0243  0.0243  0.0243  0.0242  0.0243  0.0244  0.0243  0.0243  0.0243  0.0243
  0.0248  0.0246  0.0245  0.0245  0.0244  0.0243  0.0247  0.0249  0.0245  0.0246  0.0244  0.0245
  0.0255  0.0251  0.0248  0.0252  0.0246  0.0246  0.0252  0.0257  0.0249  0.0250  0.0247  0.0248
niter,ni,del,rscale     3    3    5.0000    0.6000
parameters
    1.7195   24.3197    9.5261   -4.6832  -11.2982   -9.5242
    1.4495    5.8334   -1.9940   22.7229   -4.8342  -25.0341
eta,q 0.97577  9.76523
  0.0252  0.0249  0.0247  0.0250  0.0245  0.0245  0.0250  0.0254  0.0247  0.0248  0.0245  0.0246
  0.0247  0.0245  0.0244  0.0246  0.0243  0.0243  0.0246  0.0247  0.0245  0.0245  0.0244  0.0244
  0.0243  0.0243  0.0243  0.0244  0.0242  0.0242  0.0243  0.0244  0.0243  0.0243  0.0243  0.0243
  0.0242  0.0242  0.0242  0.0242  0.0242  0.0242  0.0242  0.0242  0.0242  0.0242  0.0242  0.0242
  0.0243  0.0243  0.0243  0.0243  0.0243  0.0242  0.0243  0.0243  0.0243  0.0243  0.0243  0.0243
  0.0247  0.0245  0.0244  0.0245  0.0243  0.0242  0.0245  0.0247  0.0244  0.0245  0.0244  0.0244
  0.0252  0.0249  0.0247  0.0249  0.0245  0.0244  0.0250  0.0253  0.0247  0.0248  0.0245  0.0246
niter,ni,del,rscale     2    3    5.0000    0.5000
parameters
    1.7180   24.3255    9.5314   -4.5656  -11.2813   -9.3820
    1.4884    5.8590   -1.9625   22.7956   -4.7851  -24.9902
eta,q 0.97577  9.77927
  0.0249  0.0247  0.0245  0.0247  0.0244  0.0243  0.0248  0.0250  0.0246  0.0246  0.0245  0.0245
  0.0245  0.0244  0.0244  0.0245  0.0243  0.0242  0.0245  0.0246  0.0244  0.0244  0.0243  0.0244
  0.0243  0.0243  0.0243  0.0243  0.0242  0.0242  0.0243  0.0243  0.0243  0.0243  0.0243  0.0243
  0.0242  0.0242  0.0242  0.0242  0.0242  0.0242  0.0242  0.0242  0.0242  0.0242  0.0242  0.0242
  0.0243  0.0243  0.0243  0.0243  0.0243  0.0242  0.0243  0.0243  0.0243  0.0243  0.0243  0.0243
  0.0245  0.0244  0.0244  0.0244  0.0243  0.0242  0.0244  0.0246  0.0244  0.0244  0.0243  0.0243
  0.0249  0.0247  0.0245  0.0247  0.0244  0.0243  0.0247  0.0250  0.0246  0.0246  0.0245  0.0245
niter,ni,del,rscale     1    3    5.0000    0.4000
parameter  6 -0.659159 -> -0.500000 qaram    1.1500
parameters
    1.7167   24.3299    9.5211   -4.4486  -11.2659   -8.0020
    1.6279    5.9170   -1.8639   23.8046   -4.5531  -24.8340
eta,q 0.97585  9.86847
  0.0247  0.0245  0.0244  0.0246  0.0243  0.0242  0.0246  0.0247  0.0244  0.0246  0.0243  0.0243
  0.0244  0.0244  0.0243  0.0244  0.0243  0.0242  0.0244  0.0244  0.0243  0.0244  0.0242  0.0242
  0.0243  0.0243  0.0243  0.0243  0.0242  0.0242  0.0242  0.0243  0.0242  0.0243  0.0242  0.0242
  0.0242  0.0242  0.0242  0.0242  0.0242  0.0242  0.0242  0.0242  0.0242  0.0242  0.0241  0.0241
  0.0243  0.0243  0.0243  0.0242  0.0242  0.0242  0.0242  0.0242  0.0242  0.0242  0.0242  0.0242
  0.0244  0.0243  0.0243  0.0243  0.0243  0.0242  0.0243  0.0244  0.0243  0.0242  0.0242  0.0242
  0.0247  0.0245  0.0244  0.0245  0.0243  0.0242  0.0245  0.0247  0.0244  0.0242  0.0243  0.0243
niter,ni,del,rscale     1    3    5.0000    0.4000
parameters
    1.7027   24.2839    9.5756   -4.1926  -10.3278   -7.9436
    1.6502    5.9696   -1.7821   23.9101   -4.6938  -24.6113
eta,q 0.97589  9.91926
  0.0246  0.0244  0.0244  0.0245  0.0243  0.0244  0.0245  0.0246  0.0243  0.0244  0.0243  0.0243
  0.0243  0.0242  0.0243  0.0244  0.0242  0.0243  0.0243  0.0244  0.0242  0.0243  0.0242  0.0242
  0.0242  0.0242  0.0242  0.0242  0.0242  0.0242  0.0242  0.0242  0.0242  0.0242  0.0241  0.0241
  0.0242  0.0242  0.0242  0.0241  0.0241  0.0241  0.0241  0.0241  0.0241  0.0241  0.0241  0.0241
  0.0242  0.0242  0.0242  0.0241  0.0241  0.0241  0.0242  0.0242  0.0241  0.0241  0.0241  0.0241
  0.0243  0.0243  0.0242  0.0242  0.0241  0.0242  0.0243  0.0243  0.0242  0.0242  0.0242  0.0242
  0.0246  0.0244  0.0243  0.0244  0.0242  0.0245  0.0245  0.0246  0.0243  0.0244  0.0243  0.0243
registration optimization eta report
parameter search radius
    0.8000    0.8000    0.8000    2.4000    2.4000    2.7600
    2.4000    2.4000    2.4000    2.4000    2.4000    2.4000
100000*second partial in parameter space
       67.       41.       35.        6.        2.        4.
        6.        9.        3.        5.        3.        3.
  0.0246  0.0244  0.0244  0.0245  0.0243  0.0244  0.0245  0.0246  0.0243  0.0244  0.0243  0.0243
  0.0243  0.0242  0.0243  0.0244  0.0242  0.0243  0.0243  0.0244  0.0242  0.0243  0.0242  0.0242
  0.0242  0.0242  0.0242  0.0242  0.0242  0.0242  0.0242  0.0242  0.0242  0.0242  0.0241  0.0241
  0.0242  0.0242  0.0242  0.0241  0.0241  0.0241  0.0241  0.0241  0.0241  0.0241  0.0241  0.0241
  0.0242  0.0242  0.0242  0.0241  0.0241  0.0241  0.0242  0.0242  0.0241  0.0241  0.0241  0.0241
  0.0243  0.0243  0.0242  0.0242  0.0241  0.0242  0.0243  0.0243  0.0242  0.0242  0.0242  0.0242
  0.0246  0.0244  0.0243  0.0244  0.0242  0.0245  0.0245  0.0246  0.0243  0.0244  0.0243  0.0243
    1.7027   24.2839    9.5756   -4.1926  -10.3278   -7.9436
    1.6502    5.9696   -1.7821   23.9101   -4.6938  -24.6113
eta,q 0.97589  9.91926

---------------------------------------------------------------------
compute_vox2vox talsrcimg talsrcimg_to_711-2C_as_mni_average_305_t4 /usr/local/freesurfer/average/711-2C_as_mni_average_305
---------------------------------------------------------------------

$Id: compute_vox2vox.c,v 1.3 2010/02/27 01:41:53 nicks Exp $
Reading: talsrcimg.4dfp.ifh
Reading: talsrcimg_to_711-2C_as_mni_average_305_t4
Reading: /usr/local/freesurfer/average/711-2C_as_mni_average_305.4dfp.ifh
Writing: talsrcimg_to_711-2C_as_mni_average_305_t4_vox2vox.txt

start time Sun Dec 31 07:22:42 UTC 2017
end		time Sun Dec 31 07:23:44 UTC 2017

mpr2mni305 success

avi2talxfm orig_nu.mgz /usr/local/freesurfer/average/mni305.cor.mgz talsrcimg_to_711-2C_as_mni_average_305_t4_vox2vox.txt transforms/talairach.auto.xfm
avi2talxfm orig_nu.mgz /usr/local/freesurfer/average/mni305.cor.mgz talsrcimg_to_711-2C_as_mni_average_305_t4_vox2vox.txt transforms/talairach.auto.xfm
avi2talxfm done
lta_convert --src orig_nu.mgz --trg /usr/local/freesurfer/average/mni305.cor.mgz --inxfm transforms/talairach.auto.xfm --outlta transforms/talairach.auto.xfm.lta --subject fsaverage
avi2talxfm done
lta_convert --src orig_nu.mgz --trg /usr/local/freesurfer/average/mni305.cor.mgz --inxfm transforms/talairach.auto.xfm --outlta transforms/talairach.auto.xfm.lta --subject fsaverage
$Id: lta_convert.cpp,v 1.9.2.1 2016/08/09 02:33:22 zkaufman Exp $

$Id: lta_convert.cpp,v 1.9.2.1 2016/08/09 02:33:22 zkaufman Exp $

--src: orig_nu.mgz src image (geometry).
--trg: /usr/local/freesurfer/average/mni305.cor.mgz trg image (geometry).
--inmni: transforms/talairach.auto.xfm input MNI/XFM transform.
--outlta: transforms/talairach.auto.xfm.lta output LTA.
--s: fsaverage subject name
--src: orig_nu.mgz src image (geometry).
--trg: /usr/local/freesurfer/average/mni305.cor.mgz trg image (geometry).
--inmni: transforms/talairach.auto.xfm input MNI/XFM transform.
--outlta: transforms/talairach.auto.xfm.lta output LTA.
--s: fsaverage subject name
 LTA read, type : 1
 1.04025  -0.05833  -0.03515  -177.52505;
 0.05467   1.01094   0.27645  -447.43478;
 0.00610  -0.27071   1.04076  -493.93390;
 0.00000   0.00000   0.00000   1.00000;
setting subject to fsaverage
Writing  LTA to file transforms/talairach.auto.xfm.lta...
lta_convert successful.
 
 
Started at Sun Dec 31 07:22:35 UTC 2017
Ended   at Sun Dec 31 07:23:47 UTC 2017
talairach_avi done
 LTA read, type : 1
 1.04025  -0.05833  -0.03515  -177.52505;
 0.05467   1.01094   0.27645  -447.43478;
 0.00610  -0.27071   1.04076  -493.93390;
 0.00000   0.00000   0.00000   1.00000;
setting subject to fsaverage
Writing  LTA to file transforms/talairach.auto.xfm.lta...
lta_convert successful.
 
 
Started at Sun Dec 31 07:21:31 UTC 2017
Ended   at Sun Dec 31 07:23:47 UTC 2017
talairach_avi done
