status file for recon-all
Sun Dec 31 07:10:07 UTC 2017
#@# MotionCor Sun Dec 31 07:10:33 UTC 2017
#@# Talairach Sun Dec 31 07:10:46 UTC 2017



New invocation of recon-all 



status file for recon-all
Sun Dec 31 07:10:57 UTC 2017
#@# Talairach Sun Dec 31 07:10:57 UTC 2017
#@# Talairach Failure Detection Sun Dec 31 07:24:00 UTC 2017
#@# Talairach Failure Detection Sun Dec 31 07:24:00 UTC 2017
#@# Nu Intensity Correction Sun Dec 31 07:24:02 UTC 2017
#@# Nu Intensity Correction Sun Dec 31 07:24:02 UTC 2017
#@# Intensity Normalization Sun Dec 31 07:42:13 UTC 2017
#@# Intensity Normalization Sun Dec 31 07:43:03 UTC 2017
#@# Skull Stripping Sun Dec 31 07:46:15 UTC 2017
#@# Skull Stripping Sun Dec 31 07:47:02 UTC 2017
#@# EM Registration Sun Dec 31 08:30:50 UTC 2017
#@# EM Registration Sun Dec 31 08:31:45 UTC 2017
#@# CA Normalize Sun Dec 31 09:04:04 UTC 2017
#@# CA Normalize Sun Dec 31 09:05:11 UTC 2017
#@# CA Reg Sun Dec 31 09:07:32 UTC 2017
#@# CA Reg Sun Dec 31 09:08:36 UTC 2017
#@# SubCort Seg Sun Dec 31 14:43:04 UTC 2017
#@# SubCort Seg Sun Dec 31 14:49:40 UTC 2017
#@# Merge ASeg Sun Dec 31 16:30:56 UTC 2017
#@# Intensity Normalization2 Sun Dec 31 16:30:56 UTC 2017
#@# Merge ASeg Sun Dec 31 16:36:51 UTC 2017
#@# Intensity Normalization2 Sun Dec 31 16:36:51 UTC 2017
#@# Mask BFS Sun Dec 31 16:37:02 UTC 2017
#@# WM Segmentation Sun Dec 31 16:37:05 UTC 2017
#@# Fill Sun Dec 31 16:40:30 UTC 2017
#@# Tessellate lh Sun Dec 31 16:41:49 UTC 2017
#@# Tessellate rh Sun Dec 31 16:41:59 UTC 2017
#@# Smooth1 lh Sun Dec 31 16:42:09 UTC 2017
#@# Smooth1 rh Sun Dec 31 16:42:18 UTC 2017
#@# Inflation1 lh Sun Dec 31 16:42:27 UTC 2017
#@# Mask BFS Sun Dec 31 16:42:56 UTC 2017
#@# WM Segmentation Sun Dec 31 16:43:00 UTC 2017
#@# Inflation1 rh Sun Dec 31 16:43:30 UTC 2017
#@# QSphere lh Sun Dec 31 16:44:41 UTC 2017
#@# Fill Sun Dec 31 16:47:01 UTC 2017
#@# Tessellate lh Sun Dec 31 16:48:34 UTC 2017
#@# Tessellate rh Sun Dec 31 16:48:46 UTC 2017
#@# Smooth1 lh Sun Dec 31 16:48:57 UTC 2017
#@# Smooth1 rh Sun Dec 31 16:49:06 UTC 2017
#@# Inflation1 lh Sun Dec 31 16:49:17 UTC 2017
#@# Inflation1 rh Sun Dec 31 16:50:24 UTC 2017
#@# QSphere lh Sun Dec 31 16:51:30 UTC 2017
#@# QSphere rh Sun Dec 31 16:51:56 UTC 2017
#@# QSphere rh Sun Dec 31 16:58:26 UTC 2017
#@# Fix Topology Copy lh Sun Dec 31 16:58:57 UTC 2017
#@# Fix Topology Copy rh Sun Dec 31 16:58:57 UTC 2017
#@# Fix Topology lh Sun Dec 31 16:58:57 UTC 2017
#@# Fix Topology Copy lh Sun Dec 31 17:05:38 UTC 2017
#@# Fix Topology Copy rh Sun Dec 31 17:05:38 UTC 2017
#@# Fix Topology lh Sun Dec 31 17:05:39 UTC 2017
#@# Fix Topology rh Sun Dec 31 19:51:38 UTC 2017
#@# Fix Topology rh Sun Dec 31 19:55:02 UTC 2017
#@# Make White Surf lh Sun Dec 31 22:22:58 UTC 2017
#@# Make White Surf lh Sun Dec 31 22:27:41 UTC 2017
#@# Make White Surf rh Sun Dec 31 22:37:07 UTC 2017
#@# Make White Surf rh Sun Dec 31 22:41:30 UTC 2017
#@# Smooth2 lh Sun Dec 31 22:50:50 UTC 2017
#@# Smooth2 rh Sun Dec 31 22:51:06 UTC 2017
#@# Inflation2 lh Sun Dec 31 22:51:20 UTC 2017
#@# Inflation2 rh Sun Dec 31 22:53:13 UTC 2017
#@# Curv .H and .K lh Sun Dec 31 22:55:02 UTC 2017
#@# Smooth2 lh Sun Dec 31 22:55:21 UTC 2017
#@# Smooth2 rh Sun Dec 31 22:55:36 UTC 2017
#@# Inflation2 lh Sun Dec 31 22:55:51 UTC 2017
#@# Inflation2 rh Sun Dec 31 22:57:49 UTC 2017
#@# Curv .H and .K rh Sun Dec 31 22:58:57 UTC 2017
#@# Curv .H and .K lh Sun Dec 31 22:59:43 UTC 2017
#@# Curvature Stats lh Sun Dec 31 23:02:35 UTC 2017
#@# Curvature Stats rh Sun Dec 31 23:02:47 UTC 2017
#@# Sphere lh Sun Dec 31 23:02:59 UTC 2017
#@# Curv .H and .K rh Sun Dec 31 23:03:29 UTC 2017
#@# Curvature Stats lh Sun Dec 31 23:07:12 UTC 2017
#@# Curvature Stats rh Sun Dec 31 23:07:23 UTC 2017
#@# Sphere lh Sun Dec 31 23:07:33 UTC 2017
#@# Sphere rh Mon Jan  1 01:29:54 UTC 2018
#@# Sphere rh Mon Jan  1 01:32:27 UTC 2018
#@# Surf Reg lh Mon Jan  1 03:45:55 UTC 2018
#@# Surf Reg lh Mon Jan  1 03:46:11 UTC 2018
#@# Surf Reg rh Mon Jan  1 07:20:01 UTC 2018
#@# Surf Reg rh Mon Jan  1 07:25:59 UTC 2018
#@# Jacobian white lh Mon Jan  1 10:56:38 UTC 2018
#@# Jacobian white rh Mon Jan  1 10:56:43 UTC 2018
#@# AvgCurv lh Mon Jan  1 10:56:48 UTC 2018
#@# AvgCurv rh Mon Jan  1 10:56:52 UTC 2018
#@# Cortical Parc lh Mon Jan  1 10:56:56 UTC 2018
#@# Cortical Parc rh Mon Jan  1 10:57:33 UTC 2018
#@# Make Pial Surf lh Mon Jan  1 10:58:07 UTC 2018
#@# Jacobian white lh Mon Jan  1 11:22:33 UTC 2018
#@# Jacobian white rh Mon Jan  1 11:22:37 UTC 2018
#@# AvgCurv lh Mon Jan  1 11:22:41 UTC 2018
#@# AvgCurv rh Mon Jan  1 11:22:45 UTC 2018
#@# Cortical Parc lh Mon Jan  1 11:22:49 UTC 2018
#@# Cortical Parc rh Mon Jan  1 11:23:24 UTC 2018
#@# Make Pial Surf lh Mon Jan  1 11:23:57 UTC 2018
#@# Make Pial Surf rh Mon Jan  1 11:31:57 UTC 2018
#@# Make Pial Surf rh Mon Jan  1 11:58:54 UTC 2018
#@# Surf Volume lh Mon Jan  1 12:06:38 UTC 2018
#@# Surf Volume rh Mon Jan  1 12:06:47 UTC 2018
#@# Cortical ribbon mask Mon Jan  1 12:06:53 UTC 2018
#@# Surf Volume lh Mon Jan  1 12:33:38 UTC 2018
#@# Surf Volume rh Mon Jan  1 12:33:46 UTC 2018
#@# Cortical ribbon mask Mon Jan  1 12:33:53 UTC 2018
#@# Parcellation Stats lh Mon Jan  1 12:44:08 UTC 2018
#@# Parcellation Stats rh Mon Jan  1 12:47:11 UTC 2018
#@# Cortical Parc 2 lh Mon Jan  1 12:50:16 UTC 2018
#@# Cortical Parc 2 rh Mon Jan  1 12:51:03 UTC 2018
#@# Parcellation Stats 2 lh Mon Jan  1 12:51:50 UTC 2018
#@# Parcellation Stats 2 rh Mon Jan  1 12:53:27 UTC 2018
#@# Cortical Parc 3 lh Mon Jan  1 12:55:05 UTC 2018
#@# Cortical Parc 3 rh Mon Jan  1 12:55:42 UTC 2018
#@# Parcellation Stats 3 lh Mon Jan  1 12:56:22 UTC 2018
#@# Parcellation Stats 3 rh Mon Jan  1 12:57:57 UTC 2018
#@# WM/GM Contrast lh Mon Jan  1 12:59:28 UTC 2018
#@# WM/GM Contrast rh Mon Jan  1 12:59:43 UTC 2018
#@# Relabel Hypointensities Mon Jan  1 12:59:57 UTC 2018
#@# AParc-to-ASeg aparc Mon Jan  1 13:01:03 UTC 2018
#@# Parcellation Stats lh Mon Jan  1 13:10:37 UTC 2018
#@# Parcellation Stats rh Mon Jan  1 13:14:09 UTC 2018
#@# AParc-to-ASeg a2009s Mon Jan  1 13:15:22 UTC 2018
#@# Cortical Parc 2 lh Mon Jan  1 13:17:19 UTC 2018
#@# Cortical Parc 2 rh Mon Jan  1 13:18:06 UTC 2018
#@# Parcellation Stats 2 lh Mon Jan  1 13:18:51 UTC 2018
#@# Parcellation Stats 2 rh Mon Jan  1 13:20:31 UTC 2018
#@# Cortical Parc 3 lh Mon Jan  1 13:22:13 UTC 2018
#@# Cortical Parc 3 rh Mon Jan  1 13:22:53 UTC 2018
#@# Parcellation Stats 3 lh Mon Jan  1 13:23:33 UTC 2018
#@# Parcellation Stats 3 rh Mon Jan  1 13:25:10 UTC 2018
#@# WM/GM Contrast lh Mon Jan  1 13:26:46 UTC 2018
#@# WM/GM Contrast rh Mon Jan  1 13:27:01 UTC 2018
#@# Relabel Hypointensities Mon Jan  1 13:27:16 UTC 2018
#@# AParc-to-ASeg aparc Mon Jan  1 13:28:25 UTC 2018
#@# AParc-to-ASeg DKTatlas Mon Jan  1 13:29:23 UTC 2018
#@# AParc-to-ASeg a2009s Mon Jan  1 13:41:13 UTC 2018
#@# APas-to-ASeg Mon Jan  1 13:42:25 UTC 2018
#@# ASeg Stats Mon Jan  1 13:42:39 UTC 2018
#@# WMParc Mon Jan  1 13:52:25 UTC 2018
#@# AParc-to-ASeg DKTatlas Mon Jan  1 13:53:07 UTC 2018
#@# APas-to-ASeg Mon Jan  1 14:06:37 UTC 2018
#@# ASeg Stats Mon Jan  1 14:06:51 UTC 2018
#@# WMParc Mon Jan  1 14:15:06 UTC 2018
#@# BA_exvivo Labels lh Mon Jan  1 14:19:12 UTC 2018
#@# BA_exvivo Labels rh Mon Jan  1 14:29:32 UTC 2018
recon-all -s 3130 finished without error at Mon Jan  1 14:39:58 UTC 2018
#@# BA_exvivo Labels lh Mon Jan  1 14:40:32 UTC 2018
#@# BA_exvivo Labels rh Mon Jan  1 14:50:53 UTC 2018
recon-all -s 3130 finished without error at Mon Jan  1 15:01:13 UTC 2018
